#
# A fatal error has been detected by the Java Runtime Environment:
#
#  EXCEPTION_ACCESS_VIOLATION (0xc0000005) at pc=0x00007fff368c3004, pid=1608, tid=24196
#
# JRE version: OpenJDK Runtime Environment (24.0.1+9) (build 24.0.1+9-30)
# Java VM: OpenJDK 64-Bit Server VM (24.0.1+9-30, mixed mode, sharing, tiered, compressed oops, compressed class ptrs, g1 gc, windows-amd64)
# Problematic frame:
# C  [libasyncProfiler.dll+0x93004]
#
# No core dump will be written. Minidumps are not enabled by default on client versions of Windows
#
# JFR recording file will be written. Location: C:\Users\david\IdeaProjects\paoo-proiect-doubledc\hs_err_pid1608.jfr
#
# If you would like to submit a bug report, please visit:
#   https://bugreport.java.com/bugreport/crash.jsp
# The crash happened outside the Java Virtual Machine in native code.
# See problematic frame for where to report the bug.
#

---------------  S U M M A R Y ------------

Command Line: --enable-preview -javaagent:D:\intellij\IntelliJ IDEA 2024.3.3\lib\idea_rt.jar=65505:D:\intellij\IntelliJ IDEA 2024.3.3\bin -agentpath:C:\Users\david\AppData\Local\Temp\idea_libasyncProfiler_dll_temp_folder1\libasyncProfiler.dll=start,jfr,event=wall,interval=10ms,jfrsync=profile,cstack=no,file=C:\Users\david\IdeaSnapshots\Main_2025_05_12_085057.jfr,dbghelppath=C:\Users\david\AppData\Local\Temp\idea_dbghelp_dll_temp_folder\dbghelp.dll,log=C:\Users\david\AppData\Local\Temp\Main_2025_05_12_085057.jfr.log.txt,logLevel=DEBUG -Dfile.encoding=UTF-8 -Dsun.stdout.encoding=UTF-8 -Dsun.stderr.encoding=UTF-8 Main.Main

Host: AMD Ryzen 7 4800H with Radeon Graphics         , 16 cores, 31G,  Windows 11 , 64 bit Build 26100 (10.0.26100.3775)
Time: Mon May 12 08:50:58 2025 GTB Daylight Time elapsed time: 0.871698 seconds (0d 0h 0m 0s)

---------------  T H R E A D  ---------------

Current thread (0x000001d5321a9200):  JavaThread "main"             [_thread_in_native, id=24196, stack(0x0000006b98a00000,0x0000006b98b00000) (1024K)]

Stack: [0x0000006b98a00000,0x0000006b98b00000],  sp=0x0000006b98afe7c0,  free space=1017k
Native frames: (J=compiled Java code, j=interpreted, Vv=VM code, C=native code)
C  [libasyncProfiler.dll+0x93004]  (no source info available)
C  [libasyncProfiler.dll+0x934db]  (no source info available)
C  [libasyncProfiler.dll+0x92134]  (no source info available)
C  [libasyncProfiler.dll+0x929aa]  (no source info available)
C  [libasyncProfiler.dll+0x8d561]  (no source info available)
C  [libasyncProfiler.dll+0x7ef21]  (no source info available)
C  [libasyncProfiler.dll+0x7dc38]  (no source info available)
C  [libasyncProfiler.dll+0x7db20]  (no source info available)
C  [libasyncProfiler.dll+0x83c3c]  (no source info available)
V  [jvm.dll+0x5e38de]  (no source info available)
V  [jvm.dll+0x886056]  (no source info available)
V  [jvm.dll+0x495f3e]  (no source info available)
V  [jvm.dll+0x497d11]  (no source info available)
C  [jli.dll+0x52a1]  (no source info available)
C  [ucrtbase.dll+0x37b0]  (no source info available)
C  [KERNEL32.DLL+0x2e8d7]  (no source info available)
C  [ntdll.dll+0xb14fc]  (no source info available)


siginfo: EXCEPTION_ACCESS_VIOLATION (0xc0000005), reading address 0xffffffffffffffff


Registers:
RAX=0x0000000000000010, RBX=0x0000000000000000, RCX=0xffffffffffffffff, RDX=0x007fff2cd2300010
RSP=0x0000006b98afe7c0, RBP=0x000001d5586d4830, RSI=0x0000006b98afe930, RDI=0x000001d5586d4830
R8 =0x0000000000000042, R9 =0x0000000621c01ed8, R10=0x00007fff2cf99fb0, R11=0x0000000000000002
R12=0x0000006b98afe930, R13=0x000001d5303dde20, R14=0x000001d5321a95c8, R15=0x000001d5321a95c8
RIP=0x00007fff368c3004, EFLAGS=0x0000000000010202

XMM[0]=0x0000000000000000 0x0000000000000000
XMM[1]=0x0000000000000000 0x0000000000000000
XMM[2]=0x0000000000000000 0x0000000000000000
XMM[3]=0x0000000000000000 0x0000000000000000
XMM[4]=0x0000000000000000 0x0000000000000000
XMM[5]=0x0000000000000000 0x0000000000000000
XMM[6]=0x0000000000000000 0x0000000000000000
XMM[7]=0x0000000000000000 0x0000000000000000
XMM[8]=0x0000000000000000 0x0000000000000000
XMM[9]=0x0000000000000000 0x0000000000000000
XMM[10]=0x0000000000000000 0x0000000000000000
XMM[11]=0x0000000000000000 0x0000000000000000
XMM[12]=0x0000000000000000 0x0000000000000000
XMM[13]=0x0000000000000000 0x0000000000000000
XMM[14]=0x0000000000000000 0x0000000000000000
XMM[15]=0x0000000000000000 0x0000000000000000
  MXCSR=0x00001fa0


Register to memory mapping:

RAX=0x0000000000000010 is an unknown value
RBX=0x0 is null
RCX=0xffffffffffffffff is an unknown value
RDX=0x007fff2cd2300010 is an unknown value
RSP=0x0000006b98afe7c0 is pointing into the stack for thread: 0x000001d5321a9200
RBP=0x000001d5586d4830 points into unknown readable memory: 0x0000000621c01ed8 | d8 1e c0 21 06 00 00 00
RSI=0x0000006b98afe930 is pointing into the stack for thread: 0x000001d5321a9200
RDI=0x000001d5586d4830 points into unknown readable memory: 0x0000000621c01ed8 | d8 1e c0 21 06 00 00 00
R8 =0x0000000000000042 is an unknown value
R9 =0x0000000621c01ed8 is an oop: java.lang.Thread 
{0x0000000621c01ed8} - klass: 'java/lang/Thread' - flags: 

 - ---- fields (total size 14 words):
 - 'threadLocalRandomProbe' 'I' @12  -1640531527 (0x9e3779b9)
 - private volatile 'eetop' 'J' @16  2015180263936 (0x000001d5321a9200)
 - private final 'tid' 'J' @24  3 (0x0000000000000003)
 - 'threadLocalRandomSeed' 'J' @32  5152652334608120423 (0x4781e5ff97677a67)
 - injected 'jvmti_thread_state' 'J' @40  2015820019024 (0x000001d5583c7550)
 - 'threadLocalRandomSecondarySeed' 'I' @48  0 (0x00000000)
 - injected 'jvmti_VTMS_transition_disable_count' 'I' @52  0 (0x00000000)
 - injected 'jfr_epoch' 'S' @56  0 (0x0000)
 - volatile 'interrupted' 'Z' @58  false (0x00)
 - injected 'jvmti_is_in_VTMS_transition' 'Z' @59  false (0x00)
 - private volatile 'name' 'Ljava/lang/String;' @60  "main"{0x0000000621c01f48} (0xc43803e9)
 - private volatile 'contextClassLoader' 'Ljava/lang/ClassLoader;' @64  a 'jdk/internal/loader/ClassLoaders$AppClassLoader'{0x0000000621c164e0} (0xc4382c9c)
 - private final 'holder' 'Ljava/lang/Thread$FieldHolder;' @68  a 'java/lang/Thread$FieldHolder'{0x0000000621c01f88} (0xc43803f1)
 - 'threadLocals' 'Ljava/lang/ThreadLocal$ThreadLocalMap;' @72  a 'java/lang/ThreadLocal$ThreadLocalMap'{0x0000000621815160} (0xc4302a2c)
 - 'inheritableThreadLocals' 'Ljava/lang/ThreadLocal$ThreadLocalMap;' @76  null (0x00000000)
 - private 'scopedValueBindings' 'Ljava/lang/Object;' @80  a 'java/lang/Class'{0x00000007ffc7c258} = 'java/lang/Thread' (0xfff8f84b)
 - final 'interruptLock' 'Ljava/lang/Object;' @84  a 'java/lang/Object'{0x0000000621c01f78} (0xc43803ef)
 - private volatile 'parkBlocker' 'Ljava/lang/Object;' @88  null (0x00000000)
 - private 'nioBlocker' 'Lsun/nio/ch/Interruptible;' @92  null (0x00000000)
 - private 'cont' 'Ljdk/internal/vm/Continuation;' @96  null (0x00000000)
 - private volatile 'uncaughtExceptionHandler' 'Ljava/lang/Thread$UncaughtExceptionHandler;' @100  null (0x00000000)
 - private 'container' 'Ljdk/internal/vm/ThreadContainer;' @104  null (0x00000000)
 - private volatile 'headStackableScopes' 'Ljdk/internal/vm/StackableScope;' @108  null (0x00000000)
R10=0x00007fff2cf99fb0 jvm.dll
R11=0x0000000000000002 is an unknown value
R12=0x0000006b98afe930 is pointing into the stack for thread: 0x000001d5321a9200
R13=0x000001d5303dde20 points into unknown readable memory: 0x00007fff2cf0a510 | 10 a5 f0 2c ff 7f 00 00
R14=0x000001d5321a95c8 points into unknown readable memory: 0x00007fff2cf017b0 | b0 17 f0 2c ff 7f 00 00
R15=0x000001d5321a95c8 points into unknown readable memory: 0x00007fff2cf017b0 | b0 17 f0 2c ff 7f 00 00

Top of Stack: (sp=0x0000006b98afe7c0)
0x0000006b98afe7c0:   0000006b98afe930 000001d5586d4830   0...k...0HmX....
0x0000006b98afe7d0:   0000000000000000 000001d53260df40   ........@.`2....
0x0000006b98afe7e0:   0000000000000021 00007fff368c34db   !........4.6....
0x0000006b98afe7f0:   0000000000000000 000001d5321a95c8   ...........2....
0x0000006b98afe800:   0000006b98afe901 0000000000000000   ....k...........
0x0000006b98afe810:   000001d59ef59300 00007fff368c2134   ........4!.6....
0x0000006b98afe820:   0000000000000000 0000000000000021   ........!.......
0x0000006b98afe830:   0000000000000000 0000000000000021   ........!.......
0x0000006b98afe840:   0000000932624128 000001d59ef9afa0   (Ab2............
0x0000006b98afe850:   000001d59ef59300 000001d59ef59384   ................
0x0000006b98afe860:   000001d59ef593a8 000001d500001dcc   ................
0x0000006b98afe870:   0000000000000000 0000000000000000   ................
0x0000006b98afe880:   0000000000000000 00007fff2c7657d4   .........Wv,....
0x0000006b98afe890:   00007fff36a1ae00 0000000000000648   ...6....H.......
0x0000006b98afe8a0:   00007fff36a1ae00 00000000ffffffff   ...6............
0x0000006b98afe8b0:   0000000000000000 00007fff368c29aa   .........).6....
0x0000006b98afe8c0:   000001d5321a95c8 0000000000000000   ...2............
0x0000006b98afe8d0:   0000006b98afe939 000001d5303dde20   9...k... .=0....
0x0000006b98afe8e0:   000001d5000021b4 0000000000000000   .!..............
0x0000006b98afe8f0:   0000000000000000 00007fff8627e1a9   ..........'.....
0x0000006b98afe900:   000001d5321a95c8 00007fff36a1ae00   ...2.......6....
0x0000006b98afe910:   0000000000000000 00007fff3695bc53   ........S..6....
0x0000006b98afe920:   0000000000000000 000001d5321a95c8   ...........2....
0x0000006b98afe930:   000001d59ef19630 000001d59ef19a50   0.......P.......
0x0000006b98afe940:   000001d59ef19a50 00007fff36a1ae00   P..........6....
0x0000006b98afe950:   000001d532624128 0000006b98afeac8   (Ab2........k...
0x0000006b98afe960:   0000006b98afec00 0000000000008840   ....k...@.......
0x0000006b98afe970:   00007fff36a0d080 00007fff36a1ae50   ...6....P..6....
0x0000006b98afe980:   0000000000989680 0000000000989680   ................
0x0000006b98afe990:   0000006b98afeaa0 00007fff368bd561   ....k...a..6....
0x0000006b98afe9a0:   00007fff36a1ae00 00007fff36a1ae58   ...6....X..6....
0x0000006b98afe9b0:   00007fff00000000 007f7d5100000001   ............Q}..

Instructions: (pc=0x00007fff368c3004)
  0x00007fff368c2f04:   cc cc cc cc cc cc cc cc cc cc cc cc cc cc cc cc
  0x00007fff368c2f14:   cc cc cc cc cc cc cc cc cc cc cc cc cc cc cc cc
  0x00007fff368c2f24:   cc cc cc cc cc cc cc cc cc cc cc cc cc cc cc cc
  0x00007fff368c2f34:   cc cc cc cc cc cc cc cc cc cc cc cc cc cc cc cc
  0x00007fff368c2f44:   cc cc cc cc cc cc cc cc cc cc cc cc cc cc cc cc
  0x00007fff368c2f54:   cc cc cc cc cc cc cc cc cc cc cc cc cc cc cc cc
  0x00007fff368c2f64:   cc cc cc cc cc cc cc cc cc cc cc cc cc cc cc cc
  0x00007fff368c2f74:   cc cc cc cc cc cc cc cc cc cc cc cc cc cc cc cc
  0x00007fff368c2f84:   cc cc cc cc cc cc cc cc cc cc cc cc 40 57 48 83
  0x00007fff368c2f94:   ec 20 48 8b f9 48 8b 0d 30 80 15 00 48 85 c9 74
  0x00007fff368c2fa4:   20 48 8b 01 48 8d 54 24 38 41 b8 06 00 01 00 4c
  0x00007fff368c2fb4:   8b 48 30 41 ff d1 85 c0 75 07 48 8b 4c 24 38 eb
  0x00007fff368c2fc4:   02 33 c9 4c 8b 05 0a 81 15 00 48 89 5c 24 30 4d
  0x00007fff368c2fd4:   85 c0 74 4a 48 8b 01 48 8b d7 4c 8b 88 28 03 00
  0x00007fff368c2fe4:   00 41 ff d1 48 85 c0 74 35 48 63 0d b8 3d 15 00
  0x00007fff368c2ff4:   48 8b 14 01 48 85 d2 74 15 48 63 05 bc 3d 15 00
=>0x00007fff368c3004:   8b 04 10 48 8b 5c 24 30 48 83 c4 20 5f c3 b8 ff
  0x00007fff368c3014:   ff ff ff 48 8b 5c 24 30 48 83 c4 20 5f c3 80 3d
  0x00007fff368c3024:   bb 7f 15 00 00 bb ff ff ff ff 74 20 4c 8b 0d 51
  0x00007fff368c3034:   7c 15 00 4c 8d 44 24 38 48 8b 0d 35 7c 15 00 48
  0x00007fff368c3044:   8b d7 41 ff d1 85 c0 0f 44 5c 24 38 8b c3 48 8b
  0x00007fff368c3054:   5c 24 30 48 83 c4 20 5f c3 cc cc cc cc cc cc cc
  0x00007fff368c3064:   cc cc cc cc cc cc cc cc cc cc cc cc cc cc cc cc
  0x00007fff368c3074:   cc cc cc cc cc cc cc cc cc cc cc cc cc cc cc cc
  0x00007fff368c3084:   cc cc cc cc cc cc cc cc cc cc cc cc 48 89 54 24
  0x00007fff368c3094:   10 53 55 56 57 41 56 41 57 48 83 ec 28 48 8b f2
  0x00007fff368c30a4:   4c 8b f1 48 89 4c 24 78 45 33 ff 44 89 7c 24 68
  0x00007fff368c30b4:   c7 44 24 60 01 00 00 00 48 8d 4c 24 68 e8 69 3c
  0x00007fff368c30c4:   f7 ff 8b d8 48 8d 4c 24 60 e8 5d 3c f7 ff 8b e8
  0x00007fff368c30d4:   49 8b ce e8 33 f3 f6 ff 48 8b f8 90 8b c3 f0 0f
  0x00007fff368c30e4:   b1 2f 74 04 f3 90 eb f4 4c 89 3e 4c 89 7e 08 4c
  0x00007fff368c30f4:   89 7e 10 49 8b 6e 08 4d 8b 76 10 49 3b ee 0f 84


Stack slot to memory mapping:

stack at sp + 0 slots: 0x0000006b98afe930 is pointing into the stack for thread: 0x000001d5321a9200
stack at sp + 1 slots: 0x000001d5586d4830 points into unknown readable memory: 0x0000000621c01ed8 | d8 1e c0 21 06 00 00 00
stack at sp + 2 slots: 0x0 is null
stack at sp + 3 slots: 0x000001d53260df40 points into unknown readable memory: 0x6e616c2e6176616a | 6a 61 76 61 2e 6c 61 6e
stack at sp + 4 slots: 0x0000000000000021 is an unknown value
stack at sp + 5 slots: 0x00007fff368c34db libasyncProfiler.dll
stack at sp + 6 slots: 0x0 is null
stack at sp + 7 slots: 0x000001d5321a95c8 points into unknown readable memory: 0x00007fff2cf017b0 | b0 17 f0 2c ff 7f 00 00

Lock stack of current Java thread (top to bottom):


---------------  P R O C E S S  ---------------

Threads class SMR info:
_java_thread_list=0x000001d59ef11310, length=26, elements={
0x000001d5321a9200, 0x000001d5583eb760, 0x000001d5583ebea0, 0x000001d5583edcc0,
0x000001d5583eea50, 0x000001d5583f6280, 0x000001d5583f1230, 0x000001d5584187d0,
0x000001d5584222d0, 0x000001d5585411e0, 0x000001d558541970, 0x000001d5585eff00,
0x000001d5586cd7a0, 0x000001d558543f40, 0x000001d558540a50, 0x000001d558543020,
0x000001d59f2e21d0, 0x000001d59ee99e60, 0x000001d59ee96970, 0x000001d59ee97890,
0x000001d59ee987b0, 0x000001d59ef5c5d0, 0x000001d59f43c6a0, 0x000001d59ef149d0,
0x000001d59ef11a00, 0x000001d59ef13d40
}

Java Threads: ( => current thread )
=>0x000001d5321a9200 JavaThread "main"                              [_thread_in_native, id=24196, stack(0x0000006b98a00000,0x0000006b98b00000) (1024K)]
  0x000001d5583eb760 JavaThread "Reference Handler"          daemon [_thread_blocked, id=20084, stack(0x0000006b99200000,0x0000006b99300000) (1024K)]
  0x000001d5583ebea0 JavaThread "Finalizer"                  daemon [_thread_blocked, id=24972, stack(0x0000006b99300000,0x0000006b99400000) (1024K)]
  0x000001d5583edcc0 JavaThread "Signal Dispatcher"          daemon [_thread_blocked, id=14848, stack(0x0000006b99400000,0x0000006b99500000) (1024K)]
  0x000001d5583eea50 JavaThread "Attach Listener"            daemon [_thread_blocked, id=14236, stack(0x0000006b99500000,0x0000006b99600000) (1024K)]
  0x000001d5583f6280 JavaThread "Service Thread"             daemon [_thread_blocked, id=19284, stack(0x0000006b99600000,0x0000006b99700000) (1024K)]
  0x000001d5583f1230 JavaThread "Monitor Deflation Thread"   daemon [_thread_blocked, id=10404, stack(0x0000006b99700000,0x0000006b99800000) (1024K)]
  0x000001d5584187d0 JavaThread "C2 CompilerThread0"         daemon [_thread_blocked, id=26092, stack(0x0000006b99800000,0x0000006b99900000) (1024K)]
  0x000001d5584222d0 JavaThread "C1 CompilerThread0"         daemon [_thread_blocked, id=8368, stack(0x0000006b99900000,0x0000006b99a00000) (1024K)]
  0x000001d5585411e0 JavaThread "C1 CompilerThread1"         daemon [_thread_blocked, id=11168, stack(0x0000006b99a00000,0x0000006b99b00000) (1024K)]
  0x000001d558541970 JavaThread "C1 CompilerThread2"         daemon [_thread_blocked, id=21096, stack(0x0000006b99b00000,0x0000006b99c00000) (1024K)]
  0x000001d5585eff00 JavaThread "Common-Cleaner"             daemon [_thread_blocked, id=2724, stack(0x0000006b99c00000,0x0000006b99d00000) (1024K)]
  0x000001d5586cd7a0 JavaThread "Monitor Ctrl-Break"         daemon [_thread_in_native, id=9360, stack(0x0000006b99d00000,0x0000006b99e00000) (1024K)]
  0x000001d558543f40 JavaThread "C1 CompilerThread3"         daemon [_thread_blocked, id=19928, stack(0x0000006b99e00000,0x0000006b99f00000) (1024K)]
  0x000001d558540a50 JavaThread "C2 CompilerThread1"         daemon [_thread_blocked, id=26368, stack(0x0000006b99f00000,0x0000006b9a000000) (1024K)]
  0x000001d558543020 JavaThread "C2 CompilerThread2"         daemon [_thread_blocked, id=24232, stack(0x0000006b9a000000,0x0000006b9a100000) (1024K)]
  0x000001d59f2e21d0 JavaThread "JFR Recorder Thread"        daemon [_thread_in_native, id=15132, stack(0x0000006b9a100000,0x0000006b9a200000) (1024K)]
  0x000001d59ee99e60 JavaThread "C2 CompilerThread3"         daemon [_thread_blocked, id=26232, stack(0x0000006b9a200000,0x0000006b9a300000) (1024K)]
  0x000001d59ee96970 JavaThread "C2 CompilerThread4"         daemon [_thread_blocked, id=25080, stack(0x0000006b9a300000,0x0000006b9a400000) (1024K)]
  0x000001d59ee97890 JavaThread "C2 CompilerThread5"         daemon [_thread_blocked, id=24564, stack(0x0000006b9a400000,0x0000006b9a500000) (1024K)]
  0x000001d59ee987b0 JavaThread "C2 CompilerThread6"         daemon [_thread_blocked, id=15024, stack(0x0000006b9a500000,0x0000006b9a600000) (1024K)]
  0x000001d59ef5c5d0 JavaThread "JFR Periodic Tasks"         daemon [_thread_blocked, id=7628, stack(0x0000006b9a600000,0x0000006b9a700000) (1024K)]
  0x000001d59f43c6a0 JavaThread "RMI TCP Accept-0"           daemon [_thread_in_native, id=3728, stack(0x0000006b9a700000,0x0000006b9a800000) (1024K)]
  0x000001d59ef149d0 JavaThread "RMI TCP Connection(1)-192.168.56.1" daemon [_thread_in_native, id=7812, stack(0x0000006b9a800000,0x0000006b9a900000) (1024K)]
  0x000001d59ef11a00 JavaThread "RMI Scheduler(0)"           daemon [_thread_blocked, id=18880, stack(0x0000006b9a900000,0x0000006b9aa00000) (1024K)]
  0x000001d59ef13d40 JavaThread "JMX server connection timeout 42" daemon [_thread_blocked, id=23896, stack(0x0000006b9aa00000,0x0000006b9ab00000) (1024K)]
Total: 26

Other Threads:
  0x000001d5583da5b0 VMThread "VM Thread"                           [id=12676, stack(0x0000006b99100000,0x0000006b99200000) (1024K)]
  0x000001d55829e140 WatcherThread "VM Periodic Task Thread"        [id=16740, stack(0x0000006b99000000,0x0000006b99100000) (1024K)]
  0x000001d5322537a0 WorkerThread "GC Thread#0"                     [id=7104, stack(0x0000006b98b00000,0x0000006b98c00000) (1024K)]
  0x000001d5322685c0 ConcurrentGCThread "G1 Main Marker"            [id=8316, stack(0x0000006b98c00000,0x0000006b98d00000) (1024K)]
  0x000001d53226afa0 WorkerThread "G1 Conc#0"                       [id=26052, stack(0x0000006b98d00000,0x0000006b98e00000) (1024K)]
  0x000001d558290090 ConcurrentGCThread "G1 Refine#0"               [id=24032, stack(0x0000006b98e00000,0x0000006b98f00000) (1024K)]
  0x000001d5582909c0 ConcurrentGCThread "G1 Service"                [id=3864, stack(0x0000006b98f00000,0x0000006b99000000) (1024K)]
Total: 7

Threads with active compile tasks:
Total: 0

VM state: not at safepoint (normal execution)

VM Mutex/Monitor currently owned by a thread: None

Heap address: 0x0000000602000000, size: 8160 MB, Compressed Oops mode: Zero based, Oop shift amount: 3

CDS archive(s) mapped at: [0x000001d559000000-0x000001d559d40000-0x000001d559d40000), size 13893632, SharedBaseAddress: 0x000001d559000000, ArchiveRelocationMode: 1.
Compressed class space mapped at: 0x000001d55a000000-0x000001d59a000000, reserved size: 1073741824
UseCompressedClassPointers 1, UseCompactObjectHeaders 0
Narrow klass pointer bits 32, Max shift 3
Narrow klass base: 0x000001d559000000, Narrow klass shift: 0
Encoding Range: [0x000001d559000000 - 0x000001d659000000), (4294967296 bytes)
Klass Range:    [0x000001d559000000 - 0x000001d59a000000), (1090519040 bytes)
Klass ID Range:  [8 - 1090519033) (1090519025)

GC Precious Log:
 CardTable entry size: 512
 Card Set container configuration: InlinePtr #cards 4 size 8 Array Of Cards #cards 32 size 80 Howl #buckets 8 coarsen threshold 7372 Howl Bitmap #cards 1024 size 144 coarsen threshold 921 Card regions per heap region 1 cards per card region 8192
 CPUs: 16 total, 16 available
 Memory: 32637M
 Large Page Support: Disabled
 NUMA Support: Disabled
 Compressed Oops: Enabled (Zero based)
 Heap Region Size: 4M
 Heap Min Capacity: 8M
 Heap Initial Capacity: 512M
 Heap Max Capacity: 8160M
 Pre-touch: Disabled
 Parallel Workers: 13
 Concurrent Workers: 3
 Concurrent Refinement Workers: 13
 Periodic GC: Disabled

Heap:
 garbage-first heap   total reserved 8355840K, committed 528384K, used 29808K [0x0000000602000000, 0x0000000800000000)
  region size 4096K, 8 young (32768K), 0 survivors (0K)
 Metaspace       used 7593K, committed 7872K, reserved 1114112K
  class space    used 710K, committed 832K, reserved 1048576K

Heap Regions: E=young(eden), S=young(survivor), O=old, HS=humongous(starts), HC=humongous(continues), CS=collection set, F=free, TAMS=top-at-mark-start, PB=parsable bottom
|   0|0x0000000602000000, 0x0000000602000000, 0x0000000602400000|  0%| F|  |TAMS 0x0000000602000000| PB 0x0000000602000000| Untracked |  0
|   1|0x0000000602400000, 0x0000000602400000, 0x0000000602800000|  0%| F|  |TAMS 0x0000000602400000| PB 0x0000000602400000| Untracked |  0
|   2|0x0000000602800000, 0x0000000602800000, 0x0000000602c00000|  0%| F|  |TAMS 0x0000000602800000| PB 0x0000000602800000| Untracked |  0
|   3|0x0000000602c00000, 0x0000000602c00000, 0x0000000603000000|  0%| F|  |TAMS 0x0000000602c00000| PB 0x0000000602c00000| Untracked |  0
|   4|0x0000000603000000, 0x0000000603000000, 0x0000000603400000|  0%| F|  |TAMS 0x0000000603000000| PB 0x0000000603000000| Untracked |  0
|   5|0x0000000603400000, 0x0000000603400000, 0x0000000603800000|  0%| F|  |TAMS 0x0000000603400000| PB 0x0000000603400000| Untracked |  0
|   6|0x0000000603800000, 0x0000000603800000, 0x0000000603c00000|  0%| F|  |TAMS 0x0000000603800000| PB 0x0000000603800000| Untracked |  0
|   7|0x0000000603c00000, 0x0000000603c00000, 0x0000000604000000|  0%| F|  |TAMS 0x0000000603c00000| PB 0x0000000603c00000| Untracked |  0
|   8|0x0000000604000000, 0x0000000604000000, 0x0000000604400000|  0%| F|  |TAMS 0x0000000604000000| PB 0x0000000604000000| Untracked |  0
|   9|0x0000000604400000, 0x0000000604400000, 0x0000000604800000|  0%| F|  |TAMS 0x0000000604400000| PB 0x0000000604400000| Untracked |  0
|  10|0x0000000604800000, 0x0000000604800000, 0x0000000604c00000|  0%| F|  |TAMS 0x0000000604800000| PB 0x0000000604800000| Untracked |  0
|  11|0x0000000604c00000, 0x0000000604c00000, 0x0000000605000000|  0%| F|  |TAMS 0x0000000604c00000| PB 0x0000000604c00000| Untracked |  0
|  12|0x0000000605000000, 0x0000000605000000, 0x0000000605400000|  0%| F|  |TAMS 0x0000000605000000| PB 0x0000000605000000| Untracked |  0
|  13|0x0000000605400000, 0x0000000605400000, 0x0000000605800000|  0%| F|  |TAMS 0x0000000605400000| PB 0x0000000605400000| Untracked |  0
|  14|0x0000000605800000, 0x0000000605800000, 0x0000000605c00000|  0%| F|  |TAMS 0x0000000605800000| PB 0x0000000605800000| Untracked |  0
|  15|0x0000000605c00000, 0x0000000605c00000, 0x0000000606000000|  0%| F|  |TAMS 0x0000000605c00000| PB 0x0000000605c00000| Untracked |  0
|  16|0x0000000606000000, 0x0000000606000000, 0x0000000606400000|  0%| F|  |TAMS 0x0000000606000000| PB 0x0000000606000000| Untracked |  0
|  17|0x0000000606400000, 0x0000000606400000, 0x0000000606800000|  0%| F|  |TAMS 0x0000000606400000| PB 0x0000000606400000| Untracked |  0
|  18|0x0000000606800000, 0x0000000606800000, 0x0000000606c00000|  0%| F|  |TAMS 0x0000000606800000| PB 0x0000000606800000| Untracked |  0
|  19|0x0000000606c00000, 0x0000000606c00000, 0x0000000607000000|  0%| F|  |TAMS 0x0000000606c00000| PB 0x0000000606c00000| Untracked |  0
|  20|0x0000000607000000, 0x0000000607000000, 0x0000000607400000|  0%| F|  |TAMS 0x0000000607000000| PB 0x0000000607000000| Untracked |  0
|  21|0x0000000607400000, 0x0000000607400000, 0x0000000607800000|  0%| F|  |TAMS 0x0000000607400000| PB 0x0000000607400000| Untracked |  0
|  22|0x0000000607800000, 0x0000000607800000, 0x0000000607c00000|  0%| F|  |TAMS 0x0000000607800000| PB 0x0000000607800000| Untracked |  0
|  23|0x0000000607c00000, 0x0000000607c00000, 0x0000000608000000|  0%| F|  |TAMS 0x0000000607c00000| PB 0x0000000607c00000| Untracked |  0
|  24|0x0000000608000000, 0x0000000608000000, 0x0000000608400000|  0%| F|  |TAMS 0x0000000608000000| PB 0x0000000608000000| Untracked |  0
|  25|0x0000000608400000, 0x0000000608400000, 0x0000000608800000|  0%| F|  |TAMS 0x0000000608400000| PB 0x0000000608400000| Untracked |  0
|  26|0x0000000608800000, 0x0000000608800000, 0x0000000608c00000|  0%| F|  |TAMS 0x0000000608800000| PB 0x0000000608800000| Untracked |  0
|  27|0x0000000608c00000, 0x0000000608c00000, 0x0000000609000000|  0%| F|  |TAMS 0x0000000608c00000| PB 0x0000000608c00000| Untracked |  0
|  28|0x0000000609000000, 0x0000000609000000, 0x0000000609400000|  0%| F|  |TAMS 0x0000000609000000| PB 0x0000000609000000| Untracked |  0
|  29|0x0000000609400000, 0x0000000609400000, 0x0000000609800000|  0%| F|  |TAMS 0x0000000609400000| PB 0x0000000609400000| Untracked |  0
|  30|0x0000000609800000, 0x0000000609800000, 0x0000000609c00000|  0%| F|  |TAMS 0x0000000609800000| PB 0x0000000609800000| Untracked |  0
|  31|0x0000000609c00000, 0x0000000609c00000, 0x000000060a000000|  0%| F|  |TAMS 0x0000000609c00000| PB 0x0000000609c00000| Untracked |  0
|  32|0x000000060a000000, 0x000000060a000000, 0x000000060a400000|  0%| F|  |TAMS 0x000000060a000000| PB 0x000000060a000000| Untracked |  0
|  33|0x000000060a400000, 0x000000060a400000, 0x000000060a800000|  0%| F|  |TAMS 0x000000060a400000| PB 0x000000060a400000| Untracked |  0
|  34|0x000000060a800000, 0x000000060a800000, 0x000000060ac00000|  0%| F|  |TAMS 0x000000060a800000| PB 0x000000060a800000| Untracked |  0
|  35|0x000000060ac00000, 0x000000060ac00000, 0x000000060b000000|  0%| F|  |TAMS 0x000000060ac00000| PB 0x000000060ac00000| Untracked |  0
|  36|0x000000060b000000, 0x000000060b000000, 0x000000060b400000|  0%| F|  |TAMS 0x000000060b000000| PB 0x000000060b000000| Untracked |  0
|  37|0x000000060b400000, 0x000000060b400000, 0x000000060b800000|  0%| F|  |TAMS 0x000000060b400000| PB 0x000000060b400000| Untracked |  0
|  38|0x000000060b800000, 0x000000060b800000, 0x000000060bc00000|  0%| F|  |TAMS 0x000000060b800000| PB 0x000000060b800000| Untracked |  0
|  39|0x000000060bc00000, 0x000000060bc00000, 0x000000060c000000|  0%| F|  |TAMS 0x000000060bc00000| PB 0x000000060bc00000| Untracked |  0
|  40|0x000000060c000000, 0x000000060c000000, 0x000000060c400000|  0%| F|  |TAMS 0x000000060c000000| PB 0x000000060c000000| Untracked |  0
|  41|0x000000060c400000, 0x000000060c400000, 0x000000060c800000|  0%| F|  |TAMS 0x000000060c400000| PB 0x000000060c400000| Untracked |  0
|  42|0x000000060c800000, 0x000000060c800000, 0x000000060cc00000|  0%| F|  |TAMS 0x000000060c800000| PB 0x000000060c800000| Untracked |  0
|  43|0x000000060cc00000, 0x000000060cc00000, 0x000000060d000000|  0%| F|  |TAMS 0x000000060cc00000| PB 0x000000060cc00000| Untracked |  0
|  44|0x000000060d000000, 0x000000060d000000, 0x000000060d400000|  0%| F|  |TAMS 0x000000060d000000| PB 0x000000060d000000| Untracked |  0
|  45|0x000000060d400000, 0x000000060d400000, 0x000000060d800000|  0%| F|  |TAMS 0x000000060d400000| PB 0x000000060d400000| Untracked |  0
|  46|0x000000060d800000, 0x000000060d800000, 0x000000060dc00000|  0%| F|  |TAMS 0x000000060d800000| PB 0x000000060d800000| Untracked |  0
|  47|0x000000060dc00000, 0x000000060dc00000, 0x000000060e000000|  0%| F|  |TAMS 0x000000060dc00000| PB 0x000000060dc00000| Untracked |  0
|  48|0x000000060e000000, 0x000000060e000000, 0x000000060e400000|  0%| F|  |TAMS 0x000000060e000000| PB 0x000000060e000000| Untracked |  0
|  49|0x000000060e400000, 0x000000060e400000, 0x000000060e800000|  0%| F|  |TAMS 0x000000060e400000| PB 0x000000060e400000| Untracked |  0
|  50|0x000000060e800000, 0x000000060e800000, 0x000000060ec00000|  0%| F|  |TAMS 0x000000060e800000| PB 0x000000060e800000| Untracked |  0
|  51|0x000000060ec00000, 0x000000060ec00000, 0x000000060f000000|  0%| F|  |TAMS 0x000000060ec00000| PB 0x000000060ec00000| Untracked |  0
|  52|0x000000060f000000, 0x000000060f000000, 0x000000060f400000|  0%| F|  |TAMS 0x000000060f000000| PB 0x000000060f000000| Untracked |  0
|  53|0x000000060f400000, 0x000000060f400000, 0x000000060f800000|  0%| F|  |TAMS 0x000000060f400000| PB 0x000000060f400000| Untracked |  0
|  54|0x000000060f800000, 0x000000060f800000, 0x000000060fc00000|  0%| F|  |TAMS 0x000000060f800000| PB 0x000000060f800000| Untracked |  0
|  55|0x000000060fc00000, 0x000000060fc00000, 0x0000000610000000|  0%| F|  |TAMS 0x000000060fc00000| PB 0x000000060fc00000| Untracked |  0
|  56|0x0000000610000000, 0x0000000610000000, 0x0000000610400000|  0%| F|  |TAMS 0x0000000610000000| PB 0x0000000610000000| Untracked |  0
|  57|0x0000000610400000, 0x0000000610400000, 0x0000000610800000|  0%| F|  |TAMS 0x0000000610400000| PB 0x0000000610400000| Untracked |  0
|  58|0x0000000610800000, 0x0000000610800000, 0x0000000610c00000|  0%| F|  |TAMS 0x0000000610800000| PB 0x0000000610800000| Untracked |  0
|  59|0x0000000610c00000, 0x0000000610c00000, 0x0000000611000000|  0%| F|  |TAMS 0x0000000610c00000| PB 0x0000000610c00000| Untracked |  0
|  60|0x0000000611000000, 0x0000000611000000, 0x0000000611400000|  0%| F|  |TAMS 0x0000000611000000| PB 0x0000000611000000| Untracked |  0
|  61|0x0000000611400000, 0x0000000611400000, 0x0000000611800000|  0%| F|  |TAMS 0x0000000611400000| PB 0x0000000611400000| Untracked |  0
|  62|0x0000000611800000, 0x0000000611800000, 0x0000000611c00000|  0%| F|  |TAMS 0x0000000611800000| PB 0x0000000611800000| Untracked |  0
|  63|0x0000000611c00000, 0x0000000611c00000, 0x0000000612000000|  0%| F|  |TAMS 0x0000000611c00000| PB 0x0000000611c00000| Untracked |  0
|  64|0x0000000612000000, 0x0000000612000000, 0x0000000612400000|  0%| F|  |TAMS 0x0000000612000000| PB 0x0000000612000000| Untracked |  0
|  65|0x0000000612400000, 0x0000000612400000, 0x0000000612800000|  0%| F|  |TAMS 0x0000000612400000| PB 0x0000000612400000| Untracked |  0
|  66|0x0000000612800000, 0x0000000612800000, 0x0000000612c00000|  0%| F|  |TAMS 0x0000000612800000| PB 0x0000000612800000| Untracked |  0
|  67|0x0000000612c00000, 0x0000000612c00000, 0x0000000613000000|  0%| F|  |TAMS 0x0000000612c00000| PB 0x0000000612c00000| Untracked |  0
|  68|0x0000000613000000, 0x0000000613000000, 0x0000000613400000|  0%| F|  |TAMS 0x0000000613000000| PB 0x0000000613000000| Untracked |  0
|  69|0x0000000613400000, 0x0000000613400000, 0x0000000613800000|  0%| F|  |TAMS 0x0000000613400000| PB 0x0000000613400000| Untracked |  0
|  70|0x0000000613800000, 0x0000000613800000, 0x0000000613c00000|  0%| F|  |TAMS 0x0000000613800000| PB 0x0000000613800000| Untracked |  0
|  71|0x0000000613c00000, 0x0000000613c00000, 0x0000000614000000|  0%| F|  |TAMS 0x0000000613c00000| PB 0x0000000613c00000| Untracked |  0
|  72|0x0000000614000000, 0x0000000614000000, 0x0000000614400000|  0%| F|  |TAMS 0x0000000614000000| PB 0x0000000614000000| Untracked |  0
|  73|0x0000000614400000, 0x0000000614400000, 0x0000000614800000|  0%| F|  |TAMS 0x0000000614400000| PB 0x0000000614400000| Untracked |  0
|  74|0x0000000614800000, 0x0000000614800000, 0x0000000614c00000|  0%| F|  |TAMS 0x0000000614800000| PB 0x0000000614800000| Untracked |  0
|  75|0x0000000614c00000, 0x0000000614c00000, 0x0000000615000000|  0%| F|  |TAMS 0x0000000614c00000| PB 0x0000000614c00000| Untracked |  0
|  76|0x0000000615000000, 0x0000000615000000, 0x0000000615400000|  0%| F|  |TAMS 0x0000000615000000| PB 0x0000000615000000| Untracked |  0
|  77|0x0000000615400000, 0x0000000615400000, 0x0000000615800000|  0%| F|  |TAMS 0x0000000615400000| PB 0x0000000615400000| Untracked |  0
|  78|0x0000000615800000, 0x0000000615800000, 0x0000000615c00000|  0%| F|  |TAMS 0x0000000615800000| PB 0x0000000615800000| Untracked |  0
|  79|0x0000000615c00000, 0x0000000615c00000, 0x0000000616000000|  0%| F|  |TAMS 0x0000000615c00000| PB 0x0000000615c00000| Untracked |  0
|  80|0x0000000616000000, 0x0000000616000000, 0x0000000616400000|  0%| F|  |TAMS 0x0000000616000000| PB 0x0000000616000000| Untracked |  0
|  81|0x0000000616400000, 0x0000000616400000, 0x0000000616800000|  0%| F|  |TAMS 0x0000000616400000| PB 0x0000000616400000| Untracked |  0
|  82|0x0000000616800000, 0x0000000616800000, 0x0000000616c00000|  0%| F|  |TAMS 0x0000000616800000| PB 0x0000000616800000| Untracked |  0
|  83|0x0000000616c00000, 0x0000000616c00000, 0x0000000617000000|  0%| F|  |TAMS 0x0000000616c00000| PB 0x0000000616c00000| Untracked |  0
|  84|0x0000000617000000, 0x0000000617000000, 0x0000000617400000|  0%| F|  |TAMS 0x0000000617000000| PB 0x0000000617000000| Untracked |  0
|  85|0x0000000617400000, 0x0000000617400000, 0x0000000617800000|  0%| F|  |TAMS 0x0000000617400000| PB 0x0000000617400000| Untracked |  0
|  86|0x0000000617800000, 0x0000000617800000, 0x0000000617c00000|  0%| F|  |TAMS 0x0000000617800000| PB 0x0000000617800000| Untracked |  0
|  87|0x0000000617c00000, 0x0000000617c00000, 0x0000000618000000|  0%| F|  |TAMS 0x0000000617c00000| PB 0x0000000617c00000| Untracked |  0
|  88|0x0000000618000000, 0x0000000618000000, 0x0000000618400000|  0%| F|  |TAMS 0x0000000618000000| PB 0x0000000618000000| Untracked |  0
|  89|0x0000000618400000, 0x0000000618400000, 0x0000000618800000|  0%| F|  |TAMS 0x0000000618400000| PB 0x0000000618400000| Untracked |  0
|  90|0x0000000618800000, 0x0000000618800000, 0x0000000618c00000|  0%| F|  |TAMS 0x0000000618800000| PB 0x0000000618800000| Untracked |  0
|  91|0x0000000618c00000, 0x0000000618c00000, 0x0000000619000000|  0%| F|  |TAMS 0x0000000618c00000| PB 0x0000000618c00000| Untracked |  0
|  92|0x0000000619000000, 0x0000000619000000, 0x0000000619400000|  0%| F|  |TAMS 0x0000000619000000| PB 0x0000000619000000| Untracked |  0
|  93|0x0000000619400000, 0x0000000619400000, 0x0000000619800000|  0%| F|  |TAMS 0x0000000619400000| PB 0x0000000619400000| Untracked |  0
|  94|0x0000000619800000, 0x0000000619800000, 0x0000000619c00000|  0%| F|  |TAMS 0x0000000619800000| PB 0x0000000619800000| Untracked |  0
|  95|0x0000000619c00000, 0x0000000619c00000, 0x000000061a000000|  0%| F|  |TAMS 0x0000000619c00000| PB 0x0000000619c00000| Untracked |  0
|  96|0x000000061a000000, 0x000000061a000000, 0x000000061a400000|  0%| F|  |TAMS 0x000000061a000000| PB 0x000000061a000000| Untracked |  0
|  97|0x000000061a400000, 0x000000061a400000, 0x000000061a800000|  0%| F|  |TAMS 0x000000061a400000| PB 0x000000061a400000| Untracked |  0
|  98|0x000000061a800000, 0x000000061a800000, 0x000000061ac00000|  0%| F|  |TAMS 0x000000061a800000| PB 0x000000061a800000| Untracked |  0
|  99|0x000000061ac00000, 0x000000061ac00000, 0x000000061b000000|  0%| F|  |TAMS 0x000000061ac00000| PB 0x000000061ac00000| Untracked |  0
| 100|0x000000061b000000, 0x000000061b000000, 0x000000061b400000|  0%| F|  |TAMS 0x000000061b000000| PB 0x000000061b000000| Untracked |  0
| 101|0x000000061b400000, 0x000000061b400000, 0x000000061b800000|  0%| F|  |TAMS 0x000000061b400000| PB 0x000000061b400000| Untracked |  0
| 102|0x000000061b800000, 0x000000061b800000, 0x000000061bc00000|  0%| F|  |TAMS 0x000000061b800000| PB 0x000000061b800000| Untracked |  0
| 103|0x000000061bc00000, 0x000000061bc00000, 0x000000061c000000|  0%| F|  |TAMS 0x000000061bc00000| PB 0x000000061bc00000| Untracked |  0
| 104|0x000000061c000000, 0x000000061c000000, 0x000000061c400000|  0%| F|  |TAMS 0x000000061c000000| PB 0x000000061c000000| Untracked |  0
| 105|0x000000061c400000, 0x000000061c400000, 0x000000061c800000|  0%| F|  |TAMS 0x000000061c400000| PB 0x000000061c400000| Untracked |  0
| 106|0x000000061c800000, 0x000000061c800000, 0x000000061cc00000|  0%| F|  |TAMS 0x000000061c800000| PB 0x000000061c800000| Untracked |  0
| 107|0x000000061cc00000, 0x000000061cc00000, 0x000000061d000000|  0%| F|  |TAMS 0x000000061cc00000| PB 0x000000061cc00000| Untracked |  0
| 108|0x000000061d000000, 0x000000061d000000, 0x000000061d400000|  0%| F|  |TAMS 0x000000061d000000| PB 0x000000061d000000| Untracked |  0
| 109|0x000000061d400000, 0x000000061d400000, 0x000000061d800000|  0%| F|  |TAMS 0x000000061d400000| PB 0x000000061d400000| Untracked |  0
| 110|0x000000061d800000, 0x000000061d800000, 0x000000061dc00000|  0%| F|  |TAMS 0x000000061d800000| PB 0x000000061d800000| Untracked |  0
| 111|0x000000061dc00000, 0x000000061dc00000, 0x000000061e000000|  0%| F|  |TAMS 0x000000061dc00000| PB 0x000000061dc00000| Untracked |  0
| 112|0x000000061e000000, 0x000000061e000000, 0x000000061e400000|  0%| F|  |TAMS 0x000000061e000000| PB 0x000000061e000000| Untracked |  0
| 113|0x000000061e400000, 0x000000061e400000, 0x000000061e800000|  0%| F|  |TAMS 0x000000061e400000| PB 0x000000061e400000| Untracked |  0
| 114|0x000000061e800000, 0x000000061e800000, 0x000000061ec00000|  0%| F|  |TAMS 0x000000061e800000| PB 0x000000061e800000| Untracked |  0
| 115|0x000000061ec00000, 0x000000061ec00000, 0x000000061f000000|  0%| F|  |TAMS 0x000000061ec00000| PB 0x000000061ec00000| Untracked |  0
| 116|0x000000061f000000, 0x000000061f000000, 0x000000061f400000|  0%| F|  |TAMS 0x000000061f000000| PB 0x000000061f000000| Untracked |  0
| 117|0x000000061f400000, 0x000000061f400000, 0x000000061f800000|  0%| F|  |TAMS 0x000000061f400000| PB 0x000000061f400000| Untracked |  0
| 118|0x000000061f800000, 0x000000061f800000, 0x000000061fc00000|  0%| F|  |TAMS 0x000000061f800000| PB 0x000000061f800000| Untracked |  0
| 119|0x000000061fc00000, 0x000000061fc00000, 0x0000000620000000|  0%| F|  |TAMS 0x000000061fc00000| PB 0x000000061fc00000| Untracked |  0
| 120|0x0000000620000000, 0x00000006203d7170, 0x0000000620400000| 96%| E|  |TAMS 0x0000000620000000| PB 0x0000000620000000| Complete |  0
| 121|0x0000000620400000, 0x0000000620800000, 0x0000000620800000|100%| E|CS|TAMS 0x0000000620400000| PB 0x0000000620400000| Complete |  0
| 122|0x0000000620800000, 0x0000000620c00000, 0x0000000620c00000|100%| E|CS|TAMS 0x0000000620800000| PB 0x0000000620800000| Complete |  0
| 123|0x0000000620c00000, 0x0000000621000000, 0x0000000621000000|100%| E|CS|TAMS 0x0000000620c00000| PB 0x0000000620c00000| Complete |  0
| 124|0x0000000621000000, 0x0000000621400000, 0x0000000621400000|100%| E|CS|TAMS 0x0000000621000000| PB 0x0000000621000000| Complete |  0
| 125|0x0000000621400000, 0x0000000621800000, 0x0000000621800000|100%| E|CS|TAMS 0x0000000621400000| PB 0x0000000621400000| Complete |  0
| 126|0x0000000621800000, 0x0000000621c00000, 0x0000000621c00000|100%| E|CS|TAMS 0x0000000621800000| PB 0x0000000621800000| Complete |  0
| 127|0x0000000621c00000, 0x0000000622000000, 0x0000000622000000|100%| E|CS|TAMS 0x0000000621c00000| PB 0x0000000621c00000| Complete |  0
|2039|0x00000007ffc00000, 0x00000007ffd1c288, 0x0000000800000000| 27%| O|  |TAMS 0x00000007ffc00000| PB 0x00000007ffc00000| Untracked |  0

Card table byte_map: [0x000001d54c470000,0x000001d54d460000] _byte_map_base: 0x000001d549460000

Marking Bits: (CMBitMap*) 0x000001d532253dc0
 Bits: [0x000001d54d460000, 0x000001d5553e0000)

Polling page: 0x000001d531db0000

Metaspace:

Usage:
  Non-class:      6.72 MB used.
      Class:    710.46 KB used.
       Both:      7.42 MB used.

Virtual space:
  Non-class space:       64.00 MB reserved,       6.88 MB ( 11%) committed,  1 nodes.
      Class space:        1.00 GB reserved,     832.00 KB ( <1%) committed,  1 nodes.
             Both:        1.06 GB reserved,       7.69 MB ( <1%) committed. 

Chunk freelists:
   Non-Class:  8.92 MB
       Class:  15.20 MB
        Both:  24.12 MB

MaxMetaspaceSize: unlimited
CompressedClassSpaceSize: 1.00 GB
Initial GC threshold: 21.00 MB
Current GC threshold: 21.00 MB
CDS: on
 - commit_granule_bytes: 65536.
 - commit_granule_words: 8192.
 - virtual_space_node_default_size: 8388608.
 - enlarge_chunks_in_place: 1.
UseCompressedClassPointers 1, UseCompactObjectHeaders 0
Narrow klass pointer bits 32, Max shift 3
Narrow klass base: 0x000001d559000000, Narrow klass shift: 0
Encoding Range: [0x000001d559000000 - 0x000001d659000000), (4294967296 bytes)
Klass Range:    [0x000001d559000000 - 0x000001d59a000000), (1090519040 bytes)
Klass ID Range:  [8 - 1090519033) (1090519025)


Internal statistics:

num_allocs_failed_limit: 0.
num_arena_births: 174.
num_arena_deaths: 0.
num_vsnodes_births: 2.
num_vsnodes_deaths: 0.
num_space_committed: 123.
num_space_uncommitted: 0.
num_chunks_returned_to_freelist: 0.
num_chunks_taken_from_freelist: 225.
num_chunk_merges: 0.
num_chunk_splits: 134.
num_chunks_enlarged: 56.
num_inconsistent_stats: 0.

CodeHeap 'non-profiled nmethods': size=119232Kb used=568Kb max_used=568Kb free=118663Kb
 bounds [0x000001d543240000, 0x000001d5434b0000, 0x000001d54a6b0000]
CodeHeap 'profiled nmethods': size=119104Kb used=2720Kb max_used=2720Kb free=116383Kb
 bounds [0x000001d53b6b0000, 0x000001d53b960000, 0x000001d542b00000]
CodeHeap 'non-nmethods': size=7424Kb used=3020Kb max_used=3056Kb free=4403Kb
 bounds [0x000001d542b00000, 0x000001d542e10000, 0x000001d543240000]
CodeCache: size=245760Kb, used=6308Kb, max_used=6344Kb, free=239449Kb
 total_blobs=2372, nmethods=1875, adapters=399, full_count=0
Compilation: enabled, stopped_count=0, restarted_count=0

Compilation events (20 events):
Event: 0.850 Thread 0x000001d59ee987b0 1694       4       jdk.internal.classfile.impl.SplitConstantPool::internalAdd (78 bytes)
Event: 0.850 Thread 0x000001d5585411e0 1695       3       java.lang.invoke.LambdaForm::parameterType (9 bytes)
Event: 0.851 Thread 0x000001d558541970 1696       3       java.lang.invoke.LambdaForm$BasicType::basicTypeSlots (8 bytes)
Event: 0.851 Thread 0x000001d5585411e0 nmethod 1695 0x000001d53b8fc188 code [0x000001d53b8fc2a0, 0x000001d53b8fc410]
Event: 0.851 Thread 0x000001d5585411e0 1697       3       sun.invoke.util.Wrapper::stackSlots (9 bytes)
Event: 0.851 Thread 0x000001d5585411e0 nmethod 1697 0x000001d53b8fc488 code [0x000001d53b8fc5a0, 0x000001d53b8fc6b0]
Event: 0.851 Thread 0x000001d558541970 nmethod 1696 0x000001d53b8fc788 code [0x000001d53b8fc8a0, 0x000001d53b8fca98]
Event: 0.852 Thread 0x000001d558543f40 nmethod 1693 0x000001d53b8fcb08 code [0x000001d53b8fcdc0, 0x000001d53b8fe348]
Event: 0.852 Thread 0x000001d5584222d0 nmethod 1668 0x000001d53b8fe408 code [0x000001d53b8febc0, 0x000001d53b904e88]
Event: 0.852 Thread 0x000001d5584187d0 nmethod 1569 0x000001d5432bec08 code [0x000001d5432bee60, 0x000001d5432bfda8]
Event: 0.853 Thread 0x000001d558543020 nmethod 1686 0x000001d5432bfe88 code [0x000001d5432bffa0, 0x000001d5432c0188]
Event: 0.855 Thread 0x000001d5585411e0 1698       3       java.lang.Integer::rotateRight (9 bytes)
Event: 0.855 Thread 0x000001d5585411e0 nmethod 1698 0x000001d53b905008 code [0x000001d53b905120, 0x000001d53b905218]
Event: 0.855 Thread 0x000001d558543020 1699       4       java.lang.Integer::rotateRight (9 bytes)
Event: 0.855 Thread 0x000001d5585411e0 1700       3       java.lang.invoke.VarHandle::checkAccessModeThenIsDirect (29 bytes)
Event: 0.855 Thread 0x000001d5584222d0 1701       3       java.lang.invoke.VarHandle::accessModeType (41 bytes)
Event: 0.856 Thread 0x000001d558543020 nmethod 1699 0x000001d5432c0208 code [0x000001d5432c0300, 0x000001d5432c0370]
Event: 0.856 Thread 0x000001d5585411e0 nmethod 1700 0x000001d53b905308 code [0x000001d53b9054a0, 0x000001d53b905e48]
Event: 0.856 Thread 0x000001d5584222d0 nmethod 1701 0x000001d53b905e88 code [0x000001d53b906000, 0x000001d53b9067f8]
Event: 0.865 Thread 0x000001d59ee987b0 nmethod 1694 0x000001d5432c0808 code [0x000001d5432c09e0, 0x000001d5432c1720]

GC Heap History (0 events):
No events

Dll operation events (12 events):
Event: 0.026 Loaded shared library C:\Users\david\.jdks\openjdk-24.0.1\bin\java.dll
Event: 0.066 Loaded shared library C:\Users\david\.jdks\openjdk-24.0.1\bin\jsvml.dll
Event: 0.127 Loaded shared library C:\Users\david\.jdks\openjdk-24.0.1\bin\zip.dll
Event: 0.132 Loaded shared library C:\Users\david\.jdks\openjdk-24.0.1\bin\instrument.dll
Event: 0.142 Loaded shared library C:\Users\david\.jdks\openjdk-24.0.1\bin\net.dll
Event: 0.145 Loaded shared library C:\Users\david\.jdks\openjdk-24.0.1\bin\nio.dll
Event: 0.151 Loaded shared library C:\Users\david\.jdks\openjdk-24.0.1\bin\zip.dll
Event: 0.174 Loaded shared library D:\intellij\IntelliJ IDEA 2024.3.3\bin\breakgen64.dll
Event: 0.197 Loaded shared library C:\Users\david\.jdks\openjdk-24.0.1\bin\extnet.dll
Event: 0.295 Loaded shared library C:\Users\david\.jdks\openjdk-24.0.1\bin\jimage.dll
Event: 0.368 Loaded shared library C:\Users\david\.jdks\openjdk-24.0.1\bin\management.dll
Event: 0.384 Loaded shared library C:\Users\david\.jdks\openjdk-24.0.1\bin\management_ext.dll

Deoptimization events (20 events):
Event: 0.620 Thread 0x000001d5321a9200 Uncommon trap: trap_request=0xffffff4d fr.pc=0x000001d54328f108 relative=0x00000000000000e8
Event: 0.620 Thread 0x000001d5321a9200 Uncommon trap: reason=unstable_if action=reinterpret pc=0x000001d54328f108 method=jdk.jfr.internal.Type.getKnownType(Ljava/lang/Class;)Ljdk/jfr/internal/Type; @ 47 c2
Event: 0.620 Thread 0x000001d5321a9200 DEOPT PACKING pc=0x000001d54328f108 sp=0x0000006b98afda00
Event: 0.620 Thread 0x000001d5321a9200 DEOPT UNPACKING pc=0x000001d542c15882 sp=0x0000006b98afd9a8 mode 2
Event: 0.729 Thread 0x000001d5583eea50 Uncommon trap: trap_request=0xffffff4d fr.pc=0x000001d543299aa8 relative=0x0000000000000288
Event: 0.729 Thread 0x000001d5583eea50 Uncommon trap: reason=unstable_if action=reinterpret pc=0x000001d543299aa8 method=java.lang.String.startsWith(Ljava/lang/String;I)Z @ 1 c2
Event: 0.730 Thread 0x000001d5583eea50 DEOPT PACKING pc=0x000001d543299aa8 sp=0x0000006b995feb10
Event: 0.730 Thread 0x000001d5583eea50 DEOPT UNPACKING pc=0x000001d542c15882 sp=0x0000006b995fead8 mode 2
Event: 0.792 Thread 0x000001d5321a9200 Uncommon trap: trap_request=0xffffff4d fr.pc=0x000001d5432af968 relative=0x0000000000000068
Event: 0.792 Thread 0x000001d5321a9200 Uncommon trap: reason=unstable_if action=reinterpret pc=0x000001d5432af968 method=java.io.ByteArrayOutputStream.ensureCapacity(I)V @ 11 c2
Event: 0.792 Thread 0x000001d5321a9200 DEOPT PACKING pc=0x000001d5432af968 sp=0x0000006b98afde50
Event: 0.792 Thread 0x000001d5321a9200 DEOPT UNPACKING pc=0x000001d542c15882 sp=0x0000006b98afddd0 mode 2
Event: 0.798 Thread 0x000001d5321a9200 Uncommon trap: trap_request=0xffffff4d fr.pc=0x000001d5432afe3c relative=0x000000000000021c
Event: 0.798 Thread 0x000001d5321a9200 Uncommon trap: reason=unstable_if action=reinterpret pc=0x000001d5432afe3c method=java.io.ByteArrayOutputStream.ensureCapacity(I)V @ 11 c2
Event: 0.798 Thread 0x000001d5321a9200 DEOPT PACKING pc=0x000001d5432afe3c sp=0x0000006b98afdd00
Event: 0.798 Thread 0x000001d5321a9200 DEOPT UNPACKING pc=0x000001d542c15882 sp=0x0000006b98afdc48 mode 2
Event: 0.846 Thread 0x000001d5583eea50 Uncommon trap: trap_request=0xffffff4d fr.pc=0x000001d54327aee0 relative=0x0000000000000060
Event: 0.846 Thread 0x000001d5583eea50 Uncommon trap: reason=unstable_if action=reinterpret pc=0x000001d54327aee0 method=java.lang.invoke.VarHandle.checkAccessModeThenIsDirect(Ljava/lang/invoke/VarHandle$AccessDescriptor;)Z @ 4 c2
Event: 0.846 Thread 0x000001d5583eea50 DEOPT PACKING pc=0x000001d54327aee0 sp=0x0000006b995fd0a0
Event: 0.846 Thread 0x000001d5583eea50 DEOPT UNPACKING pc=0x000001d542c15882 sp=0x0000006b995fd040 mode 2

Classes loaded (20 events):
Event: 0.866 Loading class java/rmi/server/RMISocketFactory
Event: 0.866 Loading class java/rmi/server/RMIClientSocketFactory
Event: 0.866 Loading class java/rmi/server/RMIClientSocketFactory done
Event: 0.866 Loading class java/rmi/server/RMISocketFactory done
Event: 0.866 Loading class sun/rmi/transport/tcp/TCPDirectSocketFactory
Event: 0.866 Loading class sun/rmi/transport/tcp/TCPDirectSocketFactory done
Event: 0.866 Loading class java/util/LinkedList$Node
Event: 0.866 Loading class java/util/LinkedList$Node done
Event: 0.866 Loading class sun/rmi/server/UnicastRef2
Event: 0.866 Loading class sun/rmi/server/UnicastRef2 done
Event: 0.867 Loading class javax/management/remote/rmi/RMIServerImpl_Stub
Event: 0.867 Loading class java/rmi/server/RemoteStub
Event: 0.867 Loading class java/rmi/server/RemoteObject
Event: 0.867 Loading class java/rmi/server/RemoteObject done
Event: 0.867 Loading class java/rmi/server/RemoteStub done
Event: 0.867 Loading class javax/management/remote/rmi/RMIServerImpl_Stub done
Event: 0.867 Loading class javax/management/remote/rmi/RMIConnection
Event: 0.867 Loading class javax/management/remote/rmi/RMIConnection done
Event: 0.867 Loading class java/rmi/RemoteException
Event: 0.867 Loading class java/rmi/RemoteException done

Classes unloaded (0 events):
No events

Classes redefined (0 events):
No events

Internal exceptions (20 events):
Event: 0.190 Thread 0x000001d5586cd7a0 Exception <a 'java/lang/NoSuchMethodError'{0x00000006218fae30}: 'java.lang.Object java.lang.invoke.DirectMethodHandle$Holder.invokeStaticInit(java.lang.Object)'> (0x00000006218fae30) 
thrown [s\open\src\hotspot\share\interpreter\linkResolver.cpp, line 805]
Event: 0.201 Thread 0x000001d5586cd7a0 Exception <a 'java/lang/NoSuchMethodError'{0x0000000621905a60}: 'void java.lang.invoke.DirectMethodHandle$Holder.invokeStatic(java.lang.Object, java.lang.Object)'> (0x0000000621905a60) 
thrown [s\open\src\hotspot\share\interpreter\linkResolver.cpp, line 805]
Event: 0.306 Thread 0x000001d5321a9200 Exception <a 'java/lang/NoSuchMethodError'{0x0000000621b0d768}: 'java.lang.Object java.lang.invoke.DirectMethodHandle$Holder.invokeStatic(java.lang.Object, int, java.lang.Object)'> (0x0000000621b0d768) 
thrown [s\open\src\hotspot\share\interpreter\linkResolver.cpp, line 805]
Event: 0.342 Thread 0x000001d5321a9200 Exception <a 'java/lang/NoSuchMethodError'{0x0000000621446930}: 'void java.lang.invoke.DirectMethodHandle$Holder.invokeStaticInit(java.lang.Object)'> (0x0000000621446930) 
thrown [s\open\src\hotspot\share\interpreter\linkResolver.cpp, line 805]
Event: 0.379 Thread 0x000001d5321a9200 Exception <a 'java/lang/NoSuchMethodError'{0x00000006214b8228}: 'void java.lang.invoke.DirectMethodHandle$Holder.invokeSpecial(java.lang.Object, java.lang.Object, java.lang.Object)'> (0x00000006214b8228) 
thrown [s\open\src\hotspot\share\interpreter\linkResolver.cpp, line 805]
Event: 0.393 Thread 0x000001d5583eea50 Exception <a 'java/lang/NoSuchMethodError'{0x0000000621e8afc0}: 'int java.lang.invoke.DirectMethodHandle$Holder.invokeInterface(java.lang.Object, java.lang.Object)'> (0x0000000621e8afc0) 
thrown [s\open\src\hotspot\share\interpreter\linkResolver.cpp, line 805]
Event: 0.394 Thread 0x000001d5583eea50 Exception <a 'java/lang/IncompatibleClassChangeError'{0x0000000621e92c40}: Found class java.lang.Object, but interface was expected> (0x0000000621e92c40) 
thrown [s\open\src\hotspot\share\interpreter\linkResolver.cpp, line 872]
Event: 0.412 Thread 0x000001d5321a9200 Exception <a 'java/lang/NoSuchMethodError'{0x000000062151f880}: 'java.lang.Object java.lang.invoke.DirectMethodHandle$Holder.newInvokeSpecial(java.lang.Object, java.lang.Object, java.lang.Object, java.lang.Object, java.lang.Object)'> (0x000000062151f880) 
thrown [s\open\src\hotspot\share\interpreter\linkResolver.cpp, line 805]
Event: 0.464 Thread 0x000001d5583eea50 Exception <a 'java/lang/NoSuchMethodError'{0x0000000621620b68}: 'int java.lang.invoke.DirectMethodHandle$Holder.invokeSpecial(java.lang.Object, java.lang.Object, java.lang.Object)'> (0x0000000621620b68) 
thrown [s\open\src\hotspot\share\interpreter\linkResolver.cpp, line 805]
Event: 0.505 Thread 0x000001d5321a9200 Exception <a 'java/lang/NoSuchMethodError'{0x00000006217ac288}: 'long java.lang.invoke.DirectMethodHandle$Holder.invokeVirtual(java.lang.Object, java.lang.Object)'> (0x00000006217ac288) 
thrown [s\open\src\hotspot\share\interpreter\linkResolver.cpp, line 805]
Event: 0.728 Thread 0x000001d5321a9200 Exception <a 'java/lang/NoSuchMethodError'{0x0000000620ff11a0}: 'void java.lang.invoke.DirectMethodHandle$Holder.invokeSpecial(java.lang.Object, java.lang.Object, int)'> (0x0000000620ff11a0) 
thrown [s\open\src\hotspot\share\interpreter\linkResolver.cpp, line 805]
Event: 0.729 Thread 0x000001d5321a9200 Exception <a 'java/lang/NoSuchMethodError'{0x0000000620ff8dc0}: 'void java.lang.invoke.Invokers$Holder.invokeExact_MT(java.lang.Object, int, java.lang.Object)'> (0x0000000620ff8dc0) 
thrown [s\open\src\hotspot\share\interpreter\linkResolver.cpp, line 805]
Event: 0.734 Thread 0x000001d5321a9200 Exception <a 'java/lang/NoSuchMethodError'{0x0000000620909708}: 'void java.lang.invoke.DirectMethodHandle$Holder.invokeStatic(java.lang.Object, java.lang.Object, int)'> (0x0000000620909708) 
thrown [s\open\src\hotspot\share\interpreter\linkResolver.cpp, line 805]
Event: 0.736 Thread 0x000001d5321a9200 Exception <a 'java/lang/NoSuchMethodError'{0x00000006209187f8}: 'java.lang.Object java.lang.invoke.DirectMethodHandle$Holder.newInvokeSpecial(java.lang.Object, java.lang.Object, int)'> (0x00000006209187f8) 
thrown [s\open\src\hotspot\share\interpreter\linkResolver.cpp, line 805]
Event: 0.739 Thread 0x000001d59ef5c5d0 Exception <a 'java/lang/NoSuchMethodError'{0x00000006209ecdb8}: 'long java.lang.invoke.DirectMethodHandle$Holder.invokeSpecial(java.lang.Object, java.lang.Object)'> (0x00000006209ecdb8) 
thrown [s\open\src\hotspot\share\interpreter\linkResolver.cpp, line 805]
Event: 0.752 Thread 0x000001d5321a9200 Exception <a 'sun/nio/fs/WindowsException'{0x000000062094c9d0}> (0x000000062094c9d0) 
thrown [s\open\src\hotspot\share\prims\jni.cpp, line 518]
Event: 0.756 Thread 0x000001d5321a9200 Exception <a 'sun/nio/fs/WindowsException'{0x00000006209597d0}> (0x00000006209597d0) 
thrown [s\open\src\hotspot\share\prims\jni.cpp, line 518]
Event: 0.764 Thread 0x000001d5321a9200 Exception <a 'sun/nio/fs/WindowsException'{0x000000062096b568}> (0x000000062096b568) 
thrown [s\open\src\hotspot\share\prims\jni.cpp, line 518]
Event: 0.808 Thread 0x000001d5583eea50 Exception <a 'java/lang/NoSuchMethodError'{0x0000000620868008}: 'java.lang.Object java.lang.invoke.DirectMethodHandle$Holder.invokeStaticInit(java.lang.Object, int, int, int, int)'> (0x0000000620868008) 
thrown [s\open\src\hotspot\share\interpreter\linkResolver.cpp, line 805]
Event: 0.850 Thread 0x000001d5583eea50 Exception <a 'java/lang/NoSuchMethodError'{0x00000006208d1418}: 'java.lang.Object java.lang.invoke.DirectMethodHandle$Holder.invokeStaticInit(java.lang.Object, java.lang.Object, int, int, int, int)'> (0x00000006208d1418) 
thrown [s\open\src\hotspot\share\interpreter\linkResolver.cpp, line 805]

VM Operations (12 events):
Event: 0.107 Executing VM operation: HandshakeAllThreads (Deoptimize)
Event: 0.107 Executing VM operation: HandshakeAllThreads (Deoptimize) done
Event: 0.312 Executing VM operation: HandshakeAllThreads (Deoptimize)
Event: 0.312 Executing VM operation: HandshakeAllThreads (Deoptimize) done
Event: 0.740 Executing VM operation: HandshakeAllThreads (Deoptimize)
Event: 0.741 Executing VM operation: HandshakeAllThreads (Deoptimize) done
Event: 0.750 Executing VM operation: HandshakeAllThreads (Deoptimize)
Event: 0.750 Executing VM operation: HandshakeAllThreads (Deoptimize) done
Event: 0.751 Executing VM operation: HandshakeAllThreads (Deoptimize)
Event: 0.751 Executing VM operation: HandshakeAllThreads (Deoptimize) done
Event: 0.804 Executing VM operation: JFRSafepointClear
Event: 0.804 Executing VM operation: JFRSafepointClear done

Memory protections (0 events):
No events

Nmethod flushes (0 events):
No events

Events (20 events):
Event: 0.063 Thread 0x000001d5321a9200 Thread added: 0x000001d5583ebea0
Event: 0.063 Thread 0x000001d5321a9200 Thread added: 0x000001d5583edcc0
Event: 0.063 Thread 0x000001d5321a9200 Thread added: 0x000001d5583eea50
Event: 0.063 Thread 0x000001d5321a9200 Thread added: 0x000001d5583f6280
Event: 0.063 Thread 0x000001d5321a9200 Thread added: 0x000001d5583f1230
Event: 0.064 Thread 0x000001d5321a9200 Thread added: 0x000001d5584187d0
Event: 0.064 Thread 0x000001d5321a9200 Thread added: 0x000001d5584222d0
Event: 0.107 Thread 0x000001d5584222d0 Thread added: 0x000001d5585411e0
Event: 0.108 Thread 0x000001d5584222d0 Thread added: 0x000001d558541970
Event: 0.139 Thread 0x000001d5321a9200 Thread added: 0x000001d5585eff00
Event: 0.176 Thread 0x000001d5321a9200 Thread added: 0x000001d5586cd7a0
Event: 0.247 Thread 0x000001d5584222d0 Thread added: 0x000001d558543f40
Event: 0.249 Thread 0x000001d5584222d0 Thread added: 0x000001d558540a50
Event: 0.292 Thread 0x000001d5585411e0 Thread added: 0x000001d558543020
Event: 0.336 Thread 0x000001d5321a9200 Thread added: 0x000001d59f2e21d0
Event: 0.526 Thread 0x000001d5585411e0 Thread added: 0x000001d59ee99e60
Event: 0.527 Thread 0x000001d5585411e0 Thread added: 0x000001d59ee96970
Event: 0.530 Thread 0x000001d558541970 Thread added: 0x000001d59ee97890
Event: 0.640 Thread 0x000001d558543f40 Thread added: 0x000001d59ee987b0
Event: 0.737 Thread 0x000001d5321a9200 Thread added: 0x000001d59ef5c5d0


Dynamic libraries:
0x00007ff6f3040000 - 0x00007ff6f304e000 	C:\Users\david\.jdks\openjdk-24.0.1\bin\java.exe
0x00007fff88b00000 - 0x00007fff88d60000 	C:\WINDOWS\SYSTEM32\ntdll.dll
0x00007fff87f90000 - 0x00007fff88057000 	C:\WINDOWS\System32\KERNEL32.DLL
0x00007fff861d0000 - 0x00007fff8659a000 	C:\WINDOWS\System32\KERNELBASE.dll
0x00007fff85d10000 - 0x00007fff85e5b000 	C:\WINDOWS\System32\ucrtbase.dll
0x00007fff80fd0000 - 0x00007fff80fe6000 	C:\Users\david\.jdks\openjdk-24.0.1\bin\jli.dll
0x00007fff80ff0000 - 0x00007fff8100b000 	C:\Users\david\.jdks\openjdk-24.0.1\bin\VCRUNTIME140.dll
0x00007fff88660000 - 0x00007fff8882c000 	C:\WINDOWS\System32\USER32.dll
0x00007fff6b740000 - 0x00007fff6b9d7000 	C:\WINDOWS\WinSxS\amd64_microsoft.windows.common-controls_6595b64144ccf1df_6.0.26100.3624_none_3e086962e3345f24\COMCTL32.dll
0x00007fff85ce0000 - 0x00007fff85d07000 	C:\WINDOWS\System32\win32u.dll
0x00007fff88060000 - 0x00007fff88109000 	C:\WINDOWS\System32\msvcrt.dll
0x00007fff87040000 - 0x00007fff8706a000 	C:\WINDOWS\System32\GDI32.dll
0x00007fff86090000 - 0x00007fff861c1000 	C:\WINDOWS\System32\gdi32full.dll
0x00007fff85fe0000 - 0x00007fff86083000 	C:\WINDOWS\System32\msvcp_win.dll
0x00007fff87070000 - 0x00007fff8709f000 	C:\WINDOWS\System32\IMM32.DLL
0x00007fff82d10000 - 0x00007fff82d1c000 	C:\Users\david\.jdks\openjdk-24.0.1\bin\vcruntime140_1.dll
0x00007fff6d4f0000 - 0x00007fff6d57e000 	C:\Users\david\.jdks\openjdk-24.0.1\bin\msvcp140.dll
0x00007fff2c2d0000 - 0x00007fff2d072000 	C:\Users\david\.jdks\openjdk-24.0.1\bin\server\jvm.dll
0x00007fff884b0000 - 0x00007fff88562000 	C:\WINDOWS\System32\ADVAPI32.dll
0x00007fff87a70000 - 0x00007fff87b16000 	C:\WINDOWS\System32\sechost.dll
0x00007fff88110000 - 0x00007fff88226000 	C:\WINDOWS\System32\RPCRT4.dll
0x00007fff885c0000 - 0x00007fff88634000 	C:\WINDOWS\System32\WS2_32.dll
0x00007fff85970000 - 0x00007fff859ce000 	C:\WINDOWS\SYSTEM32\POWRPROF.dll
0x00007fff792b0000 - 0x00007fff792e6000 	C:\WINDOWS\SYSTEM32\WINMM.dll
0x00007fff7fc90000 - 0x00007fff7fc9b000 	C:\WINDOWS\SYSTEM32\VERSION.dll
0x00007fff85950000 - 0x00007fff85964000 	C:\WINDOWS\SYSTEM32\UMPDC.dll
0x00007fff84ab0000 - 0x00007fff84aca000 	C:\WINDOWS\SYSTEM32\kernel.appcore.dll
0x00007fff80fc0000 - 0x00007fff80fca000 	C:\Users\david\.jdks\openjdk-24.0.1\bin\jimage.dll
0x00007fff6ebe0000 - 0x00007fff6ee21000 	C:\WINDOWS\SYSTEM32\DBGHELP.DLL
0x00007fff87240000 - 0x00007fff875c2000 	C:\WINDOWS\System32\combase.dll
0x00007fff88230000 - 0x00007fff88306000 	C:\WINDOWS\System32\OLEAUT32.dll
0x00007fff59820000 - 0x00007fff59859000 	C:\WINDOWS\SYSTEM32\dbgcore.DLL
0x00007fff865a0000 - 0x00007fff86639000 	C:\WINDOWS\System32\bcryptPrimitives.dll
0x00007fff70230000 - 0x00007fff7023f000 	C:\Users\david\.jdks\openjdk-24.0.1\bin\instrument.dll
0x00007fff80fa0000 - 0x00007fff80fbe000 	C:\Users\david\.jdks\openjdk-24.0.1\bin\java.dll
0x00007fff87d10000 - 0x00007fff87ea6000 	C:\WINDOWS\System32\ole32.dll
0x00007fff86910000 - 0x00007fff87039000 	C:\WINDOWS\System32\SHELL32.dll
0x00007fff866d0000 - 0x00007fff86838000 	C:\WINDOWS\System32\wintypes.dll
0x00007fff36830000 - 0x00007fff36a3e000 	C:\Users\david\AppData\Local\Temp\idea_libasyncProfiler_dll_temp_folder1\libasyncProfiler.dll
0x00007fff83960000 - 0x00007fff841b2000 	C:\WINDOWS\SYSTEM32\windows.storage.dll
0x00007fff883b0000 - 0x00007fff8849d000 	C:\WINDOWS\System32\SHCORE.dll
0x00007fff87ca0000 - 0x00007fff87d04000 	C:\WINDOWS\System32\shlwapi.dll
0x00007fff85bf0000 - 0x00007fff85c1f000 	C:\WINDOWS\SYSTEM32\profapi.dll
0x00007fff5bf00000 - 0x00007fff5bfd7000 	C:\Users\david\.jdks\openjdk-24.0.1\bin\jsvml.dll
0x00007fff7e690000 - 0x00007fff7e6a7000 	C:\Users\david\.jdks\openjdk-24.0.1\bin\zip.dll
0x00007fff80020000 - 0x00007fff80030000 	C:\Users\david\.jdks\openjdk-24.0.1\bin\net.dll
0x00007fff84fb0000 - 0x00007fff8501a000 	C:\WINDOWS\system32\mswsock.dll
0x00007fff7e6b0000 - 0x00007fff7e6c6000 	C:\Users\david\.jdks\openjdk-24.0.1\bin\nio.dll
0x00007fff70020000 - 0x00007fff7003a000 	D:\intellij\IntelliJ IDEA 2024.3.3\bin\breakgen64.dll
0x00007fff70220000 - 0x00007fff70229000 	C:\Users\david\.jdks\openjdk-24.0.1\bin\extnet.dll
0x00007fff84550000 - 0x00007fff84675000 	C:\WINDOWS\SYSTEM32\DNSAPI.dll
0x00007fff844c0000 - 0x00007fff844f3000 	C:\WINDOWS\SYSTEM32\IPHLPAPI.DLL
0x00007fff87a60000 - 0x00007fff87a6a000 	C:\WINDOWS\System32\NSI.dll
0x00007fff7f2e0000 - 0x00007fff7f2eb000 	C:\Windows\System32\rasadhlp.dll
0x00007fff7df60000 - 0x00007fff7dfe5000 	C:\WINDOWS\System32\fwpuclnt.dll
0x00007fff70180000 - 0x00007fff7018a000 	C:\Users\david\.jdks\openjdk-24.0.1\bin\management.dll
0x00007fff700f0000 - 0x00007fff700fb000 	C:\Users\david\.jdks\openjdk-24.0.1\bin\management_ext.dll
0x00007fff884a0000 - 0x00007fff884a8000 	C:\WINDOWS\System32\PSAPI.DLL
0x00007fff85360000 - 0x00007fff8537c000 	C:\WINDOWS\SYSTEM32\CRYPTSP.dll
0x00007fff84a10000 - 0x00007fff84a4a000 	C:\WINDOWS\system32\rsaenh.dll
0x00007fff85050000 - 0x00007fff8507b000 	C:\WINDOWS\SYSTEM32\USERENV.dll
0x00007fff85bc0000 - 0x00007fff85be6000 	C:\WINDOWS\SYSTEM32\bcrypt.dll
0x00007fff851e0000 - 0x00007fff851ec000 	C:\WINDOWS\SYSTEM32\CRYPTBASE.dll
0x00007fff82cf0000 - 0x00007fff82d08000 	C:\WINDOWS\system32\napinsp.dll
0x00007fff80aa0000 - 0x00007fff80ab2000 	C:\WINDOWS\System32\winrnr.dll
0x00007fff57af0000 - 0x00007fff57b20000 	C:\WINDOWS\system32\nlansp_c.dll
0x00007fff5e5a0000 - 0x00007fff5e5b6000 	C:\WINDOWS\system32\wshbth.dll
0x00007fff69830000 - 0x00007fff6987e000 	C:\WINDOWS\SYSTEM32\pdh.dll

JVMTI agents:
D:\intellij\IntelliJ IDEA 2024.3.3\lib\idea_rt.jar path:C:\Users\david\.jdks\openjdk-24.0.1\bin\instrument.dll, loaded, initialized, instrumentlib options:65505:D:\intellij\IntelliJ IDEA 2024.3.3\bin
C:\Users\david\AppData\Local\Temp\idea_libasyncProfiler_dll_temp_folder1\libasyncProfiler.dll path:C:\Users\david\AppData\Local\Temp\idea_libasyncProfiler_dll_temp_folder1\libasyncProfiler.dll, loaded, initialized, options:start,jfr,event=wall,interval=10ms,jfrsync=profile,cstack=no,file=C:\Users\david\IdeaSnapshots\Main_2025_05_12_085057.jfr,dbghelppath=C:\Users\david\AppData\Local\Temp\idea_dbghelp_dll_temp_folder\dbghelp.dll,log=C:\Users\david\AppData\Local\Temp\Main_2025_05_12_085057.jfr.log.txt,logLevel=DEBUG

dbghelp: loaded successfully - version: 4.0.5 - missing functions: none
symbol engine: initialized successfully - sym options: 0x614 - pdb path: .;C:\Users\david\.jdks\openjdk-24.0.1\bin;C:\WINDOWS\SYSTEM32;C:\WINDOWS\WinSxS\amd64_microsoft.windows.common-controls_6595b64144ccf1df_6.0.26100.3624_none_3e086962e3345f24;C:\Users\david\.jdks\openjdk-24.0.1\bin\server;C:\Users\david\AppData\Local\Temp\idea_libasyncProfiler_dll_temp_folder1;D:\intellij\IntelliJ IDEA 2024.3.3\bin

VM Arguments:
jvm_args: --enable-preview -javaagent:D:\intellij\IntelliJ IDEA 2024.3.3\lib\idea_rt.jar=65505:D:\intellij\IntelliJ IDEA 2024.3.3\bin -agentpath:C:\Users\david\AppData\Local\Temp\idea_libasyncProfiler_dll_temp_folder1\libasyncProfiler.dll=start,jfr,event=wall,interval=10ms,jfrsync=profile,cstack=no,file=C:\Users\david\IdeaSnapshots\Main_2025_05_12_085057.jfr,dbghelppath=C:\Users\david\AppData\Local\Temp\idea_dbghelp_dll_temp_folder\dbghelp.dll,log=C:\Users\david\AppData\Local\Temp\Main_2025_05_12_085057.jfr.log.txt,logLevel=DEBUG -Dfile.encoding=UTF-8 -Dsun.stdout.encoding=UTF-8 -Dsun.stderr.encoding=UTF-8 
java_command: Main.Main
java_class_path (initial): C:\Users\david\IdeaProjects\paoo-proiect-doubledc\out\production\ScheletProiectPAOO
Launcher Type: SUN_STANDARD

[Global flags]
     intx CICompilerCount                          = 12                                        {product} {ergonomic}
     uint ConcGCThreads                            = 3                                         {product} {ergonomic}
     bool FlightRecorder                           = true                                      {product} {management}
     uint G1ConcRefinementThreads                  = 13                                        {product} {ergonomic}
   size_t G1HeapRegionSize                         = 4194304                                   {product} {ergonomic}
   size_t InitialHeapSize                          = 536870912                                 {product} {ergonomic}
   size_t MarkStackSize                            = 4194304                                   {product} {ergonomic}
   size_t MarkStackSizeMax                         = 536870912                                 {product} {ergonomic}
   size_t MaxHeapSize                              = 8556380160                                {product} {ergonomic}
   size_t MaxNewSize                               = 5133828096                                {product} {ergonomic}
   size_t MinHeapDeltaBytes                        = 4194304                                   {product} {ergonomic}
   size_t MinHeapSize                              = 8388608                                   {product} {ergonomic}
    uintx NonNMethodCodeHeapSize                   = 7602176                                {pd product} {ergonomic}
    uintx NonProfiledCodeHeapSize                  = 122093568                              {pd product} {ergonomic}
    uintx ProfiledCodeHeapSize                     = 121962496                              {pd product} {ergonomic}
    uintx ReservedCodeCacheSize                    = 251658240                              {pd product} {ergonomic}
     bool SegmentedCodeCache                       = true                                      {product} {ergonomic}
   size_t SoftMaxHeapSize                          = 8556380160                             {manageable} {ergonomic}
     bool UseCompressedOops                        = true                           {product lp64_product} {ergonomic}
     bool UseG1GC                                  = true                                      {product} {ergonomic}
     bool UseLargePagesIndividualAllocation        = false                                  {pd product} {ergonomic}

Logging:
Log output configuration:
 #0: stdout all=warning uptime,level,tags foldmultilines=false
 #1: stderr all=off uptime,level,tags foldmultilines=false

Environment Variables:
PATH=C:\WINDOWS\system32;C:\WINDOWS;C:\WINDOWS\System32\Wbem;C:\WINDOWS\System32\WindowsPowerShell\v1.0\;C:\WINDOWS\System32\OpenSSH\;C:\Program Files\dotnet\;D:\Windows Kits\10\Windows Performance Toolkit\;E:\matlab\bin;C:\Program Files\WireGuard\;C:\Program Files\Git\cmd;C:\Program Files\NVIDIA Corporation\NVIDIA App\NvDLISR;C:\Program Files (x86)\NVIDIA Corporation\PhysX\Common;C:\Users\david\AppData\Local\Programs\Python\Python313\Scripts\;C:\Users\david\AppData\Local\Programs\Python\Python313\;C:\Users\david\AppData\Local\Microsoft\WindowsApps;D:\Microsoft VS Code\bin;C:\Users\david\.dotnet\tools;C:\msys64\ucrt64\bin;C:\Users\david\AppData\Local\GitHubDesktop\bin
USERNAME=david
OS=Windows_NT
PROCESSOR_IDENTIFIER=AMD64 Family 23 Model 96 Stepping 1, AuthenticAMD
TMP=C:\Users\david\AppData\Local\Temp
TEMP=C:\Users\david\AppData\Local\Temp




Periodic native trim disabled

---------------  S Y S T E M  ---------------

OS:
 Windows 11 , 64 bit Build 26100 (10.0.26100.3775)
OS uptime: 4 days 13:58 hours
Hyper-V role detected

CPU: total 16 (initial active 16) (16 cores per cpu, 2 threads per core) family 23 model 96 stepping 1 microcode 0x8600104, cx8, cmov, fxsr, ht, mmx, 3dnowpref, sse, sse2, sse3, ssse3, sse4a, sse4.1, sse4.2, popcnt, lzcnt, tsc, tscinvbit, avx, avx2, aes, clmul, bmi1, bmi2, adx, sha, fma, vzeroupper, clflush, clflushopt, hv, rdtscp, rdpid, f16c
Processor Information for processor 0
  Max Mhz: 2900, Current Mhz: 2900, Mhz Limit: 2900
Processor Information for processor 1
  Max Mhz: 2900, Current Mhz: 2900, Mhz Limit: 2900
Processor Information for processor 2
  Max Mhz: 2900, Current Mhz: 2900, Mhz Limit: 2900
Processor Information for processor 3
  Max Mhz: 2900, Current Mhz: 2900, Mhz Limit: 2900
Processor Information for processor 4
  Max Mhz: 2900, Current Mhz: 2900, Mhz Limit: 2900
Processor Information for processor 5
  Max Mhz: 2900, Current Mhz: 2900, Mhz Limit: 2900
Processor Information for processor 6
  Max Mhz: 2900, Current Mhz: 2900, Mhz Limit: 2900
Processor Information for processor 7
  Max Mhz: 2900, Current Mhz: 2900, Mhz Limit: 2900
Processor Information for processor 8
  Max Mhz: 2900, Current Mhz: 2900, Mhz Limit: 2900
Processor Information for processor 9
  Max Mhz: 2900, Current Mhz: 2900, Mhz Limit: 2900
Processor Information for processor 10
  Max Mhz: 2900, Current Mhz: 2900, Mhz Limit: 2900
Processor Information for processor 11
  Max Mhz: 2900, Current Mhz: 2900, Mhz Limit: 2900
Processor Information for processor 12
  Max Mhz: 2900, Current Mhz: 1400, Mhz Limit: 2900
Processor Information for processor 13
  Max Mhz: 2900, Current Mhz: 1400, Mhz Limit: 2900
Processor Information for processor 14
  Max Mhz: 2900, Current Mhz: 1400, Mhz Limit: 2900
Processor Information for processor 15
  Max Mhz: 2900, Current Mhz: 1400, Mhz Limit: 2900

Memory: 4k page, system-wide physical 32637M (22722M free)
TotalPageFile size 34685M (AvailPageFile size 23041M)
current process WorkingSet (physical memory assigned to process): 99M, peak: 99M
current process commit charge ("private bytes"): 669M, peak: 671M

vm_info: OpenJDK 64-Bit Server VM (24.0.1+9-30) for windows-amd64 JRE (24.0.1+9-30), built on 2025-03-05T07:23:45Z with MS VC++ 17.6 (VS2022)

END.
