#
# A fatal error has been detected by the Java Runtime Environment:
#
#  EXCEPTION_ACCESS_VIOLATION (0xc0000005) at pc=0x00007ff9c86c26c4, pid=13568, tid=13640
#
# JRE version: OpenJDK Runtime Environment (24.0.1+9) (build 24.0.1+9-30)
# Java VM: OpenJDK 64-Bit Server VM (24.0.1+9-30, mixed mode, sharing, tiered, compressed oops, compressed class ptrs, g1 gc, windows-amd64)
# Problematic frame:
# C  [libasyncProfiler.dll+0x926c4]
#
# No core dump will be written. Minidumps are not enabled by default on client versions of Windows
#
# If you would like to submit a bug report, please visit:
#   https://bugreport.java.com/bugreport/crash.jsp
# The crash happened outside the Java Virtual Machine in native code.
# See problematic frame for where to report the bug.
#

---------------  S U M M A R Y ------------

Command Line: -agentlib:jdwp=transport=dt_socket,address=127.0.0.1:65108,suspend=y,server=n -javaagent:C:\Users\david\AppData\Local\JetBrains\IntelliJIdea2025.1\captureAgent\debugger-agent.jar=file:///C:/Users/david/AppData/Local/Temp/capture15324974284962242012.props -agentpath:C:\Users\david\AppData\Local\Temp\idea_libasyncProfiler_dll_temp_folder7\libasyncProfiler.dll=version,jfr,event=wall,interval=10ms,cstack=no,file=C:\Users\david\IdeaSnapshots\Main_2025_05_11_221922.jfr,dbghelppath=C:\Users\david\AppData\Local\Temp\idea_dbghelp_dll_temp_folder1\dbghelp.dll,log=C:\Users\david\AppData\Local\Temp\Main_2025_05_11_221922.jfr.log.txt,logLevel=DEBUG -Dkotlinx.coroutines.debug.enable.creation.stack.trace=false -Ddebugger.agent.enable.coroutines=true -Dkotlinx.coroutines.debug.enable.flows.stack.trace=true -Dkotlinx.coroutines.debug.enable.mutable.state.flows.stack.trace=true -Dfile.encoding=UTF-8 -Dsun.stdout.encoding=UTF-8 -Dsun.stderr.encoding=UTF-8 Main.Main

Host: AMD Ryzen 5 3600X 6-Core Processor             , 12 cores, 31G,  Windows 11 , 64 bit Build 26100 (10.0.26100.3775)
Time: Sun May 11 22:20:35 2025 GTB Daylight Time elapsed time: 72.839205 seconds (0d 0h 1m 12s)

---------------  T H R E A D  ---------------

Current thread (0x00000183c3146de0):  JavaThread "Attach Listener" daemon [_thread_in_native, id=13640, stack(0x0000003e6dd00000,0x0000003e6de00000) (1024K)]

Stack: [0x0000003e6dd00000,0x0000003e6de00000],  sp=0x0000003e6ddfee90,  free space=1019k
Native frames: (J=compiled Java code, j=interpreted, Vv=VM code, C=native code)
C  [libasyncProfiler.dll+0x926c4]  (no source info available)
C  [libasyncProfiler.dll+0x92b9b]  (no source info available)
C  [libasyncProfiler.dll+0x917f4]  (no source info available)
C  [libasyncProfiler.dll+0x9206a]  (no source info available)
C  [libasyncProfiler.dll+0x8cc21]  (no source info available)
C  [libasyncProfiler.dll+0x7e5e1]  (no source info available)
C  [libasyncProfiler.dll+0x7d2f8]  (no source info available)
C  [libasyncProfiler.dll+0x7d1e0]  (no source info available)
C  [libasyncProfiler.dll+0x841b9]  (no source info available)
V  [jvm.dll+0x57eff7]  (no source info available)
V  [jvm.dll+0x57fdac]  (no source info available)
V  [jvm.dll+0x14ca17]  (no source info available)
V  [jvm.dll+0x14dfe1]  (no source info available)
V  [jvm.dll+0x42f456]  (no source info available)
V  [jvm.dll+0x87d76b]  (no source info available)
V  [jvm.dll+0x72ee55]  (no source info available)
C  [ucrtbase.dll+0x37b0]  (no source info available)
C  [KERNEL32.DLL+0x2e8d7]  (no source info available)
C  [ntdll.dll+0xb14fc]  (no source info available)


siginfo: EXCEPTION_ACCESS_VIOLATION (0xc0000005), reading address 0xffffffffffffffff


Registers:
RAX=0x0000000000000010, RBX=0x0000000000000000, RCX=0xffffffffffffffff, RDX=0x007ff9a4b8300010
RSP=0x0000003e6ddfee90, RBP=0x00000183c31497c8, RSI=0x0000003e6ddff000, RDI=0x00000183c31497c8
R8 =0x0000000000000042, R9 =0x0000000620811f90, R10=0x00007ff9a4df9fb0, R11=0x000000000000009e
R12=0x0000003e6ddff000, R13=0x00000183d946d230, R14=0x00000183c31471a8, R15=0x00000183c31471a8
RIP=0x00007ff9c86c26c4, EFLAGS=0x0000000000010202

XMM[0]=0x0000000000000000 0x0000000000000000
XMM[1]=0x0000000000000000 0x0000000000000000
XMM[2]=0x0000000000000000 0x0000000000000000
XMM[3]=0x0000000000000000 0x0000000000000000
XMM[4]=0x0000000000000000 0x0000000000000000
XMM[5]=0x0000000000000000 0x0000000000000000
XMM[6]=0x0000000000000000 0x0000000000000000
XMM[7]=0x0000000000000000 0x0000000000000000
XMM[8]=0x0000000000000000 0x0000000000000000
XMM[9]=0x0000000000000000 0x0000000000000000
XMM[10]=0x0000000000000000 0x0000000000000000
XMM[11]=0x0000000000000000 0x0000000000000000
XMM[12]=0x0000000000000000 0x0000000000000000
XMM[13]=0x0000000000000000 0x0000000000000000
XMM[14]=0x0000000000000000 0x0000000000000000
XMM[15]=0x0000000000000000 0x0000000000000000
  MXCSR=0x00001fa0


Register to memory mapping:

RAX=0x0000000000000010 is an unknown value
RBX=0x0 is null
RCX=0xffffffffffffffff is an unknown value
RDX=0x007ff9a4b8300010 is an unknown value
RSP=0x0000003e6ddfee90 is pointing into the stack for thread: 0x00000183c3146de0
RBP=0x00000183c31497c8 points into unknown readable memory: 0x0000000620811f90 | 90 1f 81 20 06 00 00 00
RSI=0x0000003e6ddff000 is pointing into the stack for thread: 0x00000183c3146de0
RDI=0x00000183c31497c8 points into unknown readable memory: 0x0000000620811f90 | 90 1f 81 20 06 00 00 00
R8 =0x0000000000000042 is an unknown value
R9 =0x0000000620811f90 is an oop: java.lang.ref.Reference$ReferenceHandler 
{0x0000000620811f90} - klass: 'java/lang/ref/Reference$ReferenceHandler' - flags: 

 - ---- fields (total size 14 words):
 - 'threadLocalRandomProbe' 'I' @12  0 (0x00000000)
 - private volatile 'eetop' 'J' @16  1665425207456 (0x00000183c313f0a0)
 - private final 'tid' 'J' @24  14 (0x000000000000000e)
 - 'threadLocalRandomSeed' 'J' @32  0 (0x0000000000000000)
 - injected 'jvmti_thread_state' 'J' @40  1665427527056 (0x00000183c3375590)
 - 'threadLocalRandomSecondarySeed' 'I' @48  0 (0x00000000)
 - injected 'jvmti_VTMS_transition_disable_count' 'I' @52  0 (0x00000000)
 - injected 'jfr_epoch' 'S' @56  0 (0x0000)
 - volatile 'interrupted' 'Z' @58  false (0x00)
 - injected 'jvmti_is_in_VTMS_transition' 'Z' @59  false (0x00)
 - private volatile 'name' 'Ljava/lang/String;' @60  "Reference Handler"{0x00000007ffc0a468} (0xfff8148d)
 - private volatile 'contextClassLoader' 'Ljava/lang/ClassLoader;' @64  null (0x00000000)
 - private final 'holder' 'Ljava/lang/Thread$FieldHolder;' @68  a 'java/lang/Thread$FieldHolder'{0x0000000620812010} (0xc4102402)
 - 'threadLocals' 'Ljava/lang/ThreadLocal$ThreadLocalMap;' @72  null (0x00000000)
 - 'inheritableThreadLocals' 'Ljava/lang/ThreadLocal$ThreadLocalMap;' @76  null (0x00000000)
 - private 'scopedValueBindings' 'Ljava/lang/Object;' @80  a 'java/lang/Class'{0x00000007ffc7c258} = 'java/lang/Thread' (0xfff8f84b)
 - final 'interruptLock' 'Ljava/lang/Object;' @84  a 'java/lang/Object'{0x0000000620812000} (0xc4102400)
 - private volatile 'parkBlocker' 'Ljava/lang/Object;' @88  null (0x00000000)
 - private 'nioBlocker' 'Lsun/nio/ch/Interruptible;' @92  null (0x00000000)
 - private 'cont' 'Ljdk/internal/vm/Continuation;' @96  null (0x00000000)
 - private volatile 'uncaughtExceptionHandler' 'Ljava/lang/Thread$UncaughtExceptionHandler;' @100  null (0x00000000)
 - private 'container' 'Ljdk/internal/vm/ThreadContainer;' @104  null (0x00000000)
 - private volatile 'headStackableScopes' 'Ljdk/internal/vm/StackableScope;' @108  null (0x00000000)
R10=0x00007ff9a4df9fb0 jvm.dll
R11=0x000000000000009e is an unknown value
R12=0x0000003e6ddff000 is pointing into the stack for thread: 0x00000183c3146de0
R13=0x00000183d946d230 points into unknown readable memory: 0x00007ff9a4d6a510 | 10 a5 d6 a4 f9 7f 00 00
R14=0x00000183c31471a8 points into unknown readable memory: 0x00007ff9a4d617b0 | b0 17 d6 a4 f9 7f 00 00
R15=0x00000183c31471a8 points into unknown readable memory: 0x00007ff9a4d617b0 | b0 17 d6 a4 f9 7f 00 00

Top of Stack: (sp=0x0000003e6ddfee90)
0x0000003e6ddfee90:   0000003e6ddff000 00000183c31497c8   ...m>...........
0x0000003e6ddfeea0:   0000000000000000 00000183c3147530   ........0u......
0x0000003e6ddfeeb0:   0000000000000021 00007ff9c86c2b9b   !........+l.....
0x0000003e6ddfeec0:   0000000000000000 00000183c31471a8   .........q......
0x0000003e6ddfeed0:   0000003e6ddff001 0000000000000000   ...m>...........
0x0000003e6ddfeee0:   00000183c8b8a3e0 00007ff9c86c17f4   ..........l.....
0x0000003e6ddfeef0:   0000000000000000 0000000000000021   ........!.......
0x0000003e6ddfef00:   0000000000000000 0000000000000021   ........!.......
0x0000003e6ddfef10:   00000011db6c7298 00000183c3849ea0   .rl.............
0x0000003e6ddfef20:   00000183c8b8a3e0 00000183c8b8a464   ........d.......
0x0000003e6ddfef30:   00000183c8b8a488 00000000000030c4   .........0......
0x0000003e6ddfef40:   0000000000000000 0000000000000000   ................
0x0000003e6ddfef50:   0000000000000000 00007ff9a45c57d4   .........W\.....
0x0000003e6ddfef60:   00007ff9c8804ca0 0000000000003500   .L.......5......
0x0000003e6ddfef70:   00007ff9c8804ca0 00000000ffffffff   .L..............
0x0000003e6ddfef80:   0000000000000000 00007ff9c86c206a   ........j l.....
0x0000003e6ddfef90:   00000183c31471a8 0000000000000000   .q..............
0x0000003e6ddfefa0:   0000003e6ddff009 00000183d946d230   ...m>...0.F.....
0x0000003e6ddfefb0:   00007ff9f00a88b0 00007ff9eff80139   ........9.......
0x0000003e6ddfefc0:   00000183d9370000 00007ff9f057e1a9   ..7.......W.....
0x0000003e6ddfefd0:   00000183c31471a8 00007ff9c8804ca0   .q.......L......
0x0000003e6ddfefe0:   000000000000000b 00007ff9a4851712   ................
0x0000003e6ddfeff0:   0000000000000000 00000183c31471a8   .........q......
0x0000003e6ddff000:   00000183c379bc30 00000183c379c050   0.y.....P.y.....
0x0000003e6ddff010:   00000183c379c050 00007ff9c8804ca0   P.y......L......
0x0000003e6ddff020:   00000183db6c7298 0000003e6ddff198   .rl........m>...
0x0000003e6ddff030:   0000003e6ddff2d0 0000000000008840   ...m>...@.......
0x0000003e6ddff040:   0000003e6ddff4b0 00007ff9c8804cf0   ...m>....L......
0x0000003e6ddff050:   0000000000989680 0000000000989680   ................
0x0000003e6ddff060:   0000003e6ddff170 00007ff9c86bcc21   p..m>...!.k.....
0x0000003e6ddff070:   00007ff9c8804ca0 00007ff9c8804cf8   .L.......L......
0x0000003e6ddff080:   00007ff900000000 007fcc6300000001   ............c...

Instructions: (pc=0x00007ff9c86c26c4)
  0x00007ff9c86c25c4:   cc cc cc cc cc cc cc cc cc cc cc cc cc cc cc cc
  0x00007ff9c86c25d4:   cc cc cc cc cc cc cc cc cc cc cc cc cc cc cc cc
  0x00007ff9c86c25e4:   cc cc cc cc cc cc cc cc cc cc cc cc cc cc cc cc
  0x00007ff9c86c25f4:   cc cc cc cc cc cc cc cc cc cc cc cc cc cc cc cc
  0x00007ff9c86c2604:   cc cc cc cc cc cc cc cc cc cc cc cc cc cc cc cc
  0x00007ff9c86c2614:   cc cc cc cc cc cc cc cc cc cc cc cc cc cc cc cc
  0x00007ff9c86c2624:   cc cc cc cc cc cc cc cc cc cc cc cc cc cc cc cc
  0x00007ff9c86c2634:   cc cc cc cc cc cc cc cc cc cc cc cc cc cc cc cc
  0x00007ff9c86c2644:   cc cc cc cc cc cc cc cc cc cc cc cc 40 57 48 83
  0x00007ff9c86c2654:   ec 20 48 8b f9 48 8b 0d 10 28 14 00 48 85 c9 74
  0x00007ff9c86c2664:   20 48 8b 01 48 8d 54 24 38 41 b8 06 00 01 00 4c
  0x00007ff9c86c2674:   8b 48 30 41 ff d1 85 c0 75 07 48 8b 4c 24 38 eb
  0x00007ff9c86c2684:   02 33 c9 4c 8b 05 ea 28 14 00 48 89 5c 24 30 4d
  0x00007ff9c86c2694:   85 c0 74 4a 48 8b 01 48 8b d7 4c 8b 88 28 03 00
  0x00007ff9c86c26a4:   00 41 ff d1 48 85 c0 74 35 48 63 0d f8 e6 13 00
  0x00007ff9c86c26b4:   48 8b 14 01 48 85 d2 74 15 48 63 05 fc e6 13 00
=>0x00007ff9c86c26c4:   8b 04 10 48 8b 5c 24 30 48 83 c4 20 5f c3 b8 ff
  0x00007ff9c86c26d4:   ff ff ff 48 8b 5c 24 30 48 83 c4 20 5f c3 80 3d
  0x00007ff9c86c26e4:   9b 27 14 00 00 bb ff ff ff ff 74 20 4c 8b 0d 31
  0x00007ff9c86c26f4:   24 14 00 4c 8d 44 24 38 48 8b 0d 15 24 14 00 48
  0x00007ff9c86c2704:   8b d7 41 ff d1 85 c0 0f 44 5c 24 38 8b c3 48 8b
  0x00007ff9c86c2714:   5c 24 30 48 83 c4 20 5f c3 cc cc cc cc cc cc cc
  0x00007ff9c86c2724:   cc cc cc cc cc cc cc cc cc cc cc cc cc cc cc cc
  0x00007ff9c86c2734:   cc cc cc cc cc cc cc cc cc cc cc cc cc cc cc cc
  0x00007ff9c86c2744:   cc cc cc cc cc cc cc cc cc cc cc cc 48 89 54 24
  0x00007ff9c86c2754:   10 53 55 56 57 41 56 41 57 48 83 ec 28 48 8b f2
  0x00007ff9c86c2764:   4c 8b f1 48 89 4c 24 78 45 33 ff 44 89 7c 24 68
  0x00007ff9c86c2774:   c7 44 24 60 01 00 00 00 48 8d 4c 24 68 e8 ed 42
  0x00007ff9c86c2784:   f7 ff 8b d8 48 8d 4c 24 60 e8 e1 42 f7 ff 8b e8
  0x00007ff9c86c2794:   49 8b ce e8 00 fc f6 ff 48 8b f8 90 8b c3 f0 0f
  0x00007ff9c86c27a4:   b1 2f 74 04 f3 90 eb f4 4c 89 3e 4c 89 7e 08 4c
  0x00007ff9c86c27b4:   89 7e 10 49 8b 6e 08 4d 8b 76 10 49 3b ee 0f 84


Stack slot to memory mapping:

stack at sp + 0 slots: 0x0000003e6ddff000 is pointing into the stack for thread: 0x00000183c3146de0
stack at sp + 1 slots: 0x00000183c31497c8 points into unknown readable memory: 0x0000000620811f90 | 90 1f 81 20 06 00 00 00
stack at sp + 2 slots: 0x0 is null
stack at sp + 3 slots: 0x00000183c3147530 points into unknown readable memory: 0x6e616c2e6176616a | 6a 61 76 61 2e 6c 61 6e
stack at sp + 4 slots: 0x0000000000000021 is an unknown value
stack at sp + 5 slots: 0x00007ff9c86c2b9b libasyncProfiler.dll
stack at sp + 6 slots: 0x0 is null
stack at sp + 7 slots: 0x00000183c31471a8 points into unknown readable memory: 0x00007ff9a4d617b0 | b0 17 d6 a4 f9 7f 00 00

Lock stack of current Java thread (top to bottom):


---------------  P R O C E S S  ---------------

Threads class SMR info:
_java_thread_list=0x00000183c3933e90, length=22, elements={
0x00000183c313f0a0, 0x00000183c313f8e0, 0x00000183c3146180, 0x00000183c3146de0,
0x00000183c314aa80, 0x00000183c314ba50, 0x00000183c3152b10, 0x00000183c3157e30,
0x00000183c342f140, 0x00000183c338fd00, 0x00000183c3390a00, 0x00000183c346e570,
0x00000183c34b49e0, 0x00000183c3566fe0, 0x00000183c81d4350, 0x00000183c81d1870,
0x00000183c81d9020, 0x00000183c8a6eb90, 0x00000183c8bbee60, 0x00000183c8bbdfc0,
0x00000183c8a3a3c0, 0x00000183c8bbe710
}

Java Threads: ( => current thread )
  0x00000183c313f0a0 JavaThread "Reference Handler"          daemon [_thread_blocked, id=9064, stack(0x0000003e6da00000,0x0000003e6db00000) (1024K)]
  0x00000183c313f8e0 JavaThread "Finalizer"                  daemon [_thread_blocked, id=5956, stack(0x0000003e6db00000,0x0000003e6dc00000) (1024K)]
  0x00000183c3146180 JavaThread "Signal Dispatcher"          daemon [_thread_blocked, id=6428, stack(0x0000003e6dc00000,0x0000003e6dd00000) (1024K)]
=>0x00000183c3146de0 JavaThread "Attach Listener"            daemon [_thread_in_native, id=13640, stack(0x0000003e6dd00000,0x0000003e6de00000) (1024K)]
  0x00000183c314aa80 JavaThread "Service Thread"             daemon [_thread_blocked, id=11916, stack(0x0000003e6de00000,0x0000003e6df00000) (1024K)]
  0x00000183c314ba50 JavaThread "Monitor Deflation Thread"   daemon [_thread_blocked, id=12400, stack(0x0000003e6df00000,0x0000003e6e000000) (1024K)]
  0x00000183c3152b10 JavaThread "C2 CompilerThread0"         daemon [_thread_blocked, id=11324, stack(0x0000003e6e000000,0x0000003e6e100000) (1024K)]
  0x00000183c3157e30 JavaThread "C1 CompilerThread0"         daemon [_thread_blocked, id=7844, stack(0x0000003e6e100000,0x0000003e6e200000) (1024K)]
  0x00000183c342f140 JavaThread "JDWP Transport Listener: dt_socket" daemon [_thread_blocked, id=1088, stack(0x0000003e6e300000,0x0000003e6e400000) (1024K)]
  0x00000183c338fd00 JavaThread "JDWP Event Helper Thread"   daemon [_thread_blocked, id=15004, stack(0x0000003e6e400000,0x0000003e6e500000) (1024K)]
  0x00000183c3390a00 JavaThread "JDWP Command Reader"        daemon [_thread_in_native, id=9548, stack(0x0000003e6e500000,0x0000003e6e600000) (1024K)]
  0x00000183c346e570 JavaThread "Common-Cleaner"             daemon [_thread_blocked, id=7756, stack(0x0000003e6e600000,0x0000003e6e700000) (1024K)]
  0x00000183c34b49e0 JavaThread "IntelliJ Suspend Helper"    daemon [_thread_blocked, id=13820, stack(0x0000003e6e700000,0x0000003e6e800000) (1024K)]
  0x00000183c3566fe0 JavaThread "Notification Thread"        daemon [_thread_blocked, id=10600, stack(0x0000003e6e800000,0x0000003e6e900000) (1024K)]
  0x00000183c81d4350 JavaThread "Java2D Disposer"            daemon [_thread_blocked, id=13032, stack(0x0000003e6e900000,0x0000003e6ea00000) (1024K)]
  0x00000183c81d1870 JavaThread "AWT-Shutdown"                      [_thread_blocked, id=15196, stack(0x0000003e6ea00000,0x0000003e6eb00000) (1024K)]
  0x00000183c81d9020 JavaThread "AWT-Windows"                daemon [_thread_in_native, id=3984, stack(0x0000003e6eb00000,0x0000003e6ec00000) (1024K)]
  0x00000183c8a6eb90 JavaThread "AWT-EventQueue-0"                  [_thread_blocked, id=15304, stack(0x0000003e6ee00000,0x0000003e6ef00000) (1024K)]
  0x00000183c8bbee60 JavaThread "Thread-0"                          [_thread_in_Java, id=12484, stack(0x0000003e6cf00000,0x0000003e6d000000) (1024K)]
  0x00000183c8bbdfc0 JavaThread "DestroyJavaVM"                     [_thread_blocked, id=4000, stack(0x0000003e6d200000,0x0000003e6d300000) (1024K)]
  0x00000183c8a3a3c0 JavaThread "C2 CompilerThread1"         daemon [_thread_blocked, id=8636, stack(0x0000003e6d000000,0x0000003e6d100000) (1024K)]
  0x00000183c8bbe710 JavaThread "D3D Screen Updater"         daemon [_thread_in_native, id=10796, stack(0x0000003e6d100000,0x0000003e6d200000) (1024K)]
Total: 22

Other Threads:
  0x00000183c312a4a0 VMThread "VM Thread"                           [id=10920, stack(0x0000003e6d900000,0x0000003e6da00000) (1024K)]
  0x00000183db3c3060 WatcherThread "VM Periodic Task Thread"        [id=7036, stack(0x0000003e6d800000,0x0000003e6d900000) (1024K)]
  0x00000183db2de500 WorkerThread "GC Thread#0"                     [id=3748, stack(0x0000003e6d300000,0x0000003e6d400000) (1024K)]
  0x00000183db2f33d0 ConcurrentGCThread "G1 Main Marker"            [id=9336, stack(0x0000003e6d400000,0x0000003e6d500000) (1024K)]
  0x00000183db2f4f00 WorkerThread "G1 Conc#0"                       [id=13300, stack(0x0000003e6d500000,0x0000003e6d600000) (1024K)]
  0x00000183db3ac1d0 ConcurrentGCThread "G1 Refine#0"               [id=9660, stack(0x0000003e6d600000,0x0000003e6d700000) (1024K)]
  0x00000183db3acc60 ConcurrentGCThread "G1 Service"                [id=4064, stack(0x0000003e6d700000,0x0000003e6d800000) (1024K)]
Total: 7

Threads with active compile tasks:
Total: 0

VM state: not at safepoint (normal execution)

VM Mutex/Monitor currently owned by a thread: None

Heap address: 0x0000000600c00000, size: 8180 MB, Compressed Oops mode: Zero based, Oop shift amount: 3

CDS archive(s) mapped at: [0x0000018382000000-0x0000018382d40000-0x0000018382d40000), size 13893632, SharedBaseAddress: 0x0000018382000000, ArchiveRelocationMode: 1.
Compressed class space mapped at: 0x0000018383000000-0x00000183c3000000, reserved size: 1073741824
UseCompressedClassPointers 1, UseCompactObjectHeaders 0
Narrow klass pointer bits 32, Max shift 3
Narrow klass base: 0x0000018382000000, Narrow klass shift: 0
Encoding Range: [0x0000018382000000 - 0x0000018482000000), (4294967296 bytes)
Klass Range:    [0x0000018382000000 - 0x00000183c3000000), (1090519040 bytes)
Klass ID Range:  [8 - 1090519033) (1090519025)

GC Precious Log:
 CardTable entry size: 512
 Card Set container configuration: InlinePtr #cards 4 size 8 Array Of Cards #cards 32 size 80 Howl #buckets 8 coarsen threshold 7372 Howl Bitmap #cards 1024 size 144 coarsen threshold 921 Card regions per heap region 1 cards per card region 8192
 CPUs: 12 total, 12 available
 Memory: 32716M
 Large Page Support: Disabled
 NUMA Support: Disabled
 Compressed Oops: Enabled (Zero based)
 Heap Region Size: 4M
 Heap Min Capacity: 8M
 Heap Initial Capacity: 512M
 Heap Max Capacity: 8180M
 Pre-touch: Disabled
 Parallel Workers: 10
 Concurrent Workers: 3
 Concurrent Refinement Workers: 10
 Periodic GC: Disabled

Heap:
 garbage-first heap   total reserved 8376320K, committed 528384K, used 58480K [0x0000000600c00000, 0x0000000800000000)
  region size 4096K, 10 young (40960K), 0 survivors (0K)
 Metaspace       used 10804K, committed 11072K, reserved 1114112K
  class space    used 893K, committed 1024K, reserved 1048576K

Heap Regions: E=young(eden), S=young(survivor), O=old, HS=humongous(starts), HC=humongous(continues), CS=collection set, F=free, TAMS=top-at-mark-start, PB=parsable bottom
|   0|0x0000000600c00000, 0x0000000601000000, 0x0000000601000000|100%|HS|  |TAMS 0x0000000600c00000| PB 0x0000000600c00000| Complete |  0
|   1|0x0000000601000000, 0x0000000601400000, 0x0000000601400000|100%|HC|  |TAMS 0x0000000601000000| PB 0x0000000601000000| Complete |  0
|   2|0x0000000601400000, 0x0000000601800000, 0x0000000601800000|100%|HS|  |TAMS 0x0000000601400000| PB 0x0000000601400000| Complete |  0
|   3|0x0000000601800000, 0x0000000601c00000, 0x0000000601c00000|100%|HC|  |TAMS 0x0000000601800000| PB 0x0000000601800000| Complete |  0
|   4|0x0000000601c00000, 0x0000000602000000, 0x0000000602000000|100%|HS|  |TAMS 0x0000000601c00000| PB 0x0000000601c00000| Complete |  1
|   5|0x0000000602000000, 0x0000000602400000, 0x0000000602400000|100%|HC|  |TAMS 0x0000000602000000| PB 0x0000000602000000| Complete |  0
|   6|0x0000000602400000, 0x0000000602400000, 0x0000000602800000|  0%| F|  |TAMS 0x0000000602400000| PB 0x0000000602400000| Untracked |  0
|   7|0x0000000602800000, 0x0000000602800000, 0x0000000602c00000|  0%| F|  |TAMS 0x0000000602800000| PB 0x0000000602800000| Untracked |  0
|   8|0x0000000602c00000, 0x0000000602c00000, 0x0000000603000000|  0%| F|  |TAMS 0x0000000602c00000| PB 0x0000000602c00000| Untracked |  0
|   9|0x0000000603000000, 0x0000000603000000, 0x0000000603400000|  0%| F|  |TAMS 0x0000000603000000| PB 0x0000000603000000| Untracked |  0
|  10|0x0000000603400000, 0x0000000603400000, 0x0000000603800000|  0%| F|  |TAMS 0x0000000603400000| PB 0x0000000603400000| Untracked |  0
|  11|0x0000000603800000, 0x0000000603800000, 0x0000000603c00000|  0%| F|  |TAMS 0x0000000603800000| PB 0x0000000603800000| Untracked |  0
|  12|0x0000000603c00000, 0x0000000603c00000, 0x0000000604000000|  0%| F|  |TAMS 0x0000000603c00000| PB 0x0000000603c00000| Untracked |  0
|  13|0x0000000604000000, 0x0000000604000000, 0x0000000604400000|  0%| F|  |TAMS 0x0000000604000000| PB 0x0000000604000000| Untracked |  0
|  14|0x0000000604400000, 0x0000000604400000, 0x0000000604800000|  0%| F|  |TAMS 0x0000000604400000| PB 0x0000000604400000| Untracked |  0
|  15|0x0000000604800000, 0x0000000604800000, 0x0000000604c00000|  0%| F|  |TAMS 0x0000000604800000| PB 0x0000000604800000| Untracked |  0
|  16|0x0000000604c00000, 0x0000000604c00000, 0x0000000605000000|  0%| F|  |TAMS 0x0000000604c00000| PB 0x0000000604c00000| Untracked |  0
|  17|0x0000000605000000, 0x0000000605000000, 0x0000000605400000|  0%| F|  |TAMS 0x0000000605000000| PB 0x0000000605000000| Untracked |  0
|  18|0x0000000605400000, 0x0000000605400000, 0x0000000605800000|  0%| F|  |TAMS 0x0000000605400000| PB 0x0000000605400000| Untracked |  0
|  19|0x0000000605800000, 0x0000000605800000, 0x0000000605c00000|  0%| F|  |TAMS 0x0000000605800000| PB 0x0000000605800000| Untracked |  0
|  20|0x0000000605c00000, 0x0000000605c00000, 0x0000000606000000|  0%| F|  |TAMS 0x0000000605c00000| PB 0x0000000605c00000| Untracked |  0
|  21|0x0000000606000000, 0x0000000606000000, 0x0000000606400000|  0%| F|  |TAMS 0x0000000606000000| PB 0x0000000606000000| Untracked |  0
|  22|0x0000000606400000, 0x0000000606400000, 0x0000000606800000|  0%| F|  |TAMS 0x0000000606400000| PB 0x0000000606400000| Untracked |  0
|  23|0x0000000606800000, 0x0000000606800000, 0x0000000606c00000|  0%| F|  |TAMS 0x0000000606800000| PB 0x0000000606800000| Untracked |  0
|  24|0x0000000606c00000, 0x0000000606c00000, 0x0000000607000000|  0%| F|  |TAMS 0x0000000606c00000| PB 0x0000000606c00000| Untracked |  0
|  25|0x0000000607000000, 0x0000000607000000, 0x0000000607400000|  0%| F|  |TAMS 0x0000000607000000| PB 0x0000000607000000| Untracked |  0
|  26|0x0000000607400000, 0x0000000607400000, 0x0000000607800000|  0%| F|  |TAMS 0x0000000607400000| PB 0x0000000607400000| Untracked |  0
|  27|0x0000000607800000, 0x0000000607800000, 0x0000000607c00000|  0%| F|  |TAMS 0x0000000607800000| PB 0x0000000607800000| Untracked |  0
|  28|0x0000000607c00000, 0x0000000607c00000, 0x0000000608000000|  0%| F|  |TAMS 0x0000000607c00000| PB 0x0000000607c00000| Untracked |  0
|  29|0x0000000608000000, 0x0000000608000000, 0x0000000608400000|  0%| F|  |TAMS 0x0000000608000000| PB 0x0000000608000000| Untracked |  0
|  30|0x0000000608400000, 0x0000000608400000, 0x0000000608800000|  0%| F|  |TAMS 0x0000000608400000| PB 0x0000000608400000| Untracked |  0
|  31|0x0000000608800000, 0x0000000608800000, 0x0000000608c00000|  0%| F|  |TAMS 0x0000000608800000| PB 0x0000000608800000| Untracked |  0
|  32|0x0000000608c00000, 0x0000000608c00000, 0x0000000609000000|  0%| F|  |TAMS 0x0000000608c00000| PB 0x0000000608c00000| Untracked |  0
|  33|0x0000000609000000, 0x0000000609000000, 0x0000000609400000|  0%| F|  |TAMS 0x0000000609000000| PB 0x0000000609000000| Untracked |  0
|  34|0x0000000609400000, 0x0000000609400000, 0x0000000609800000|  0%| F|  |TAMS 0x0000000609400000| PB 0x0000000609400000| Untracked |  0
|  35|0x0000000609800000, 0x0000000609800000, 0x0000000609c00000|  0%| F|  |TAMS 0x0000000609800000| PB 0x0000000609800000| Untracked |  0
|  36|0x0000000609c00000, 0x0000000609c00000, 0x000000060a000000|  0%| F|  |TAMS 0x0000000609c00000| PB 0x0000000609c00000| Untracked |  0
|  37|0x000000060a000000, 0x000000060a000000, 0x000000060a400000|  0%| F|  |TAMS 0x000000060a000000| PB 0x000000060a000000| Untracked |  0
|  38|0x000000060a400000, 0x000000060a400000, 0x000000060a800000|  0%| F|  |TAMS 0x000000060a400000| PB 0x000000060a400000| Untracked |  0
|  39|0x000000060a800000, 0x000000060a800000, 0x000000060ac00000|  0%| F|  |TAMS 0x000000060a800000| PB 0x000000060a800000| Untracked |  0
|  40|0x000000060ac00000, 0x000000060ac00000, 0x000000060b000000|  0%| F|  |TAMS 0x000000060ac00000| PB 0x000000060ac00000| Untracked |  0
|  41|0x000000060b000000, 0x000000060b000000, 0x000000060b400000|  0%| F|  |TAMS 0x000000060b000000| PB 0x000000060b000000| Untracked |  0
|  42|0x000000060b400000, 0x000000060b400000, 0x000000060b800000|  0%| F|  |TAMS 0x000000060b400000| PB 0x000000060b400000| Untracked |  0
|  43|0x000000060b800000, 0x000000060b800000, 0x000000060bc00000|  0%| F|  |TAMS 0x000000060b800000| PB 0x000000060b800000| Untracked |  0
|  44|0x000000060bc00000, 0x000000060bc00000, 0x000000060c000000|  0%| F|  |TAMS 0x000000060bc00000| PB 0x000000060bc00000| Untracked |  0
|  45|0x000000060c000000, 0x000000060c000000, 0x000000060c400000|  0%| F|  |TAMS 0x000000060c000000| PB 0x000000060c000000| Untracked |  0
|  46|0x000000060c400000, 0x000000060c400000, 0x000000060c800000|  0%| F|  |TAMS 0x000000060c400000| PB 0x000000060c400000| Untracked |  0
|  47|0x000000060c800000, 0x000000060c800000, 0x000000060cc00000|  0%| F|  |TAMS 0x000000060c800000| PB 0x000000060c800000| Untracked |  0
|  48|0x000000060cc00000, 0x000000060cc00000, 0x000000060d000000|  0%| F|  |TAMS 0x000000060cc00000| PB 0x000000060cc00000| Untracked |  0
|  49|0x000000060d000000, 0x000000060d000000, 0x000000060d400000|  0%| F|  |TAMS 0x000000060d000000| PB 0x000000060d000000| Untracked |  0
|  50|0x000000060d400000, 0x000000060d400000, 0x000000060d800000|  0%| F|  |TAMS 0x000000060d400000| PB 0x000000060d400000| Untracked |  0
|  51|0x000000060d800000, 0x000000060d800000, 0x000000060dc00000|  0%| F|  |TAMS 0x000000060d800000| PB 0x000000060d800000| Untracked |  0
|  52|0x000000060dc00000, 0x000000060dc00000, 0x000000060e000000|  0%| F|  |TAMS 0x000000060dc00000| PB 0x000000060dc00000| Untracked |  0
|  53|0x000000060e000000, 0x000000060e000000, 0x000000060e400000|  0%| F|  |TAMS 0x000000060e000000| PB 0x000000060e000000| Untracked |  0
|  54|0x000000060e400000, 0x000000060e400000, 0x000000060e800000|  0%| F|  |TAMS 0x000000060e400000| PB 0x000000060e400000| Untracked |  0
|  55|0x000000060e800000, 0x000000060e800000, 0x000000060ec00000|  0%| F|  |TAMS 0x000000060e800000| PB 0x000000060e800000| Untracked |  0
|  56|0x000000060ec00000, 0x000000060ec00000, 0x000000060f000000|  0%| F|  |TAMS 0x000000060ec00000| PB 0x000000060ec00000| Untracked |  0
|  57|0x000000060f000000, 0x000000060f000000, 0x000000060f400000|  0%| F|  |TAMS 0x000000060f000000| PB 0x000000060f000000| Untracked |  0
|  58|0x000000060f400000, 0x000000060f400000, 0x000000060f800000|  0%| F|  |TAMS 0x000000060f400000| PB 0x000000060f400000| Untracked |  0
|  59|0x000000060f800000, 0x000000060f800000, 0x000000060fc00000|  0%| F|  |TAMS 0x000000060f800000| PB 0x000000060f800000| Untracked |  0
|  60|0x000000060fc00000, 0x000000060fc00000, 0x0000000610000000|  0%| F|  |TAMS 0x000000060fc00000| PB 0x000000060fc00000| Untracked |  0
|  61|0x0000000610000000, 0x0000000610000000, 0x0000000610400000|  0%| F|  |TAMS 0x0000000610000000| PB 0x0000000610000000| Untracked |  0
|  62|0x0000000610400000, 0x0000000610400000, 0x0000000610800000|  0%| F|  |TAMS 0x0000000610400000| PB 0x0000000610400000| Untracked |  0
|  63|0x0000000610800000, 0x0000000610800000, 0x0000000610c00000|  0%| F|  |TAMS 0x0000000610800000| PB 0x0000000610800000| Untracked |  0
|  64|0x0000000610c00000, 0x0000000610c00000, 0x0000000611000000|  0%| F|  |TAMS 0x0000000610c00000| PB 0x0000000610c00000| Untracked |  0
|  65|0x0000000611000000, 0x0000000611000000, 0x0000000611400000|  0%| F|  |TAMS 0x0000000611000000| PB 0x0000000611000000| Untracked |  0
|  66|0x0000000611400000, 0x0000000611400000, 0x0000000611800000|  0%| F|  |TAMS 0x0000000611400000| PB 0x0000000611400000| Untracked |  0
|  67|0x0000000611800000, 0x0000000611800000, 0x0000000611c00000|  0%| F|  |TAMS 0x0000000611800000| PB 0x0000000611800000| Untracked |  0
|  68|0x0000000611c00000, 0x0000000611c00000, 0x0000000612000000|  0%| F|  |TAMS 0x0000000611c00000| PB 0x0000000611c00000| Untracked |  0
|  69|0x0000000612000000, 0x0000000612000000, 0x0000000612400000|  0%| F|  |TAMS 0x0000000612000000| PB 0x0000000612000000| Untracked |  0
|  70|0x0000000612400000, 0x0000000612400000, 0x0000000612800000|  0%| F|  |TAMS 0x0000000612400000| PB 0x0000000612400000| Untracked |  0
|  71|0x0000000612800000, 0x0000000612800000, 0x0000000612c00000|  0%| F|  |TAMS 0x0000000612800000| PB 0x0000000612800000| Untracked |  0
|  72|0x0000000612c00000, 0x0000000612c00000, 0x0000000613000000|  0%| F|  |TAMS 0x0000000612c00000| PB 0x0000000612c00000| Untracked |  0
|  73|0x0000000613000000, 0x0000000613000000, 0x0000000613400000|  0%| F|  |TAMS 0x0000000613000000| PB 0x0000000613000000| Untracked |  0
|  74|0x0000000613400000, 0x0000000613400000, 0x0000000613800000|  0%| F|  |TAMS 0x0000000613400000| PB 0x0000000613400000| Untracked |  0
|  75|0x0000000613800000, 0x0000000613800000, 0x0000000613c00000|  0%| F|  |TAMS 0x0000000613800000| PB 0x0000000613800000| Untracked |  0
|  76|0x0000000613c00000, 0x0000000613c00000, 0x0000000614000000|  0%| F|  |TAMS 0x0000000613c00000| PB 0x0000000613c00000| Untracked |  0
|  77|0x0000000614000000, 0x0000000614000000, 0x0000000614400000|  0%| F|  |TAMS 0x0000000614000000| PB 0x0000000614000000| Untracked |  0
|  78|0x0000000614400000, 0x0000000614400000, 0x0000000614800000|  0%| F|  |TAMS 0x0000000614400000| PB 0x0000000614400000| Untracked |  0
|  79|0x0000000614800000, 0x0000000614800000, 0x0000000614c00000|  0%| F|  |TAMS 0x0000000614800000| PB 0x0000000614800000| Untracked |  0
|  80|0x0000000614c00000, 0x0000000614c00000, 0x0000000615000000|  0%| F|  |TAMS 0x0000000614c00000| PB 0x0000000614c00000| Untracked |  0
|  81|0x0000000615000000, 0x0000000615000000, 0x0000000615400000|  0%| F|  |TAMS 0x0000000615000000| PB 0x0000000615000000| Untracked |  0
|  82|0x0000000615400000, 0x0000000615400000, 0x0000000615800000|  0%| F|  |TAMS 0x0000000615400000| PB 0x0000000615400000| Untracked |  0
|  83|0x0000000615800000, 0x0000000615800000, 0x0000000615c00000|  0%| F|  |TAMS 0x0000000615800000| PB 0x0000000615800000| Untracked |  0
|  84|0x0000000615c00000, 0x0000000615c00000, 0x0000000616000000|  0%| F|  |TAMS 0x0000000615c00000| PB 0x0000000615c00000| Untracked |  0
|  85|0x0000000616000000, 0x0000000616000000, 0x0000000616400000|  0%| F|  |TAMS 0x0000000616000000| PB 0x0000000616000000| Untracked |  0
|  86|0x0000000616400000, 0x0000000616400000, 0x0000000616800000|  0%| F|  |TAMS 0x0000000616400000| PB 0x0000000616400000| Untracked |  0
|  87|0x0000000616800000, 0x0000000616800000, 0x0000000616c00000|  0%| F|  |TAMS 0x0000000616800000| PB 0x0000000616800000| Untracked |  0
|  88|0x0000000616c00000, 0x0000000616c00000, 0x0000000617000000|  0%| F|  |TAMS 0x0000000616c00000| PB 0x0000000616c00000| Untracked |  0
|  89|0x0000000617000000, 0x0000000617000000, 0x0000000617400000|  0%| F|  |TAMS 0x0000000617000000| PB 0x0000000617000000| Untracked |  0
|  90|0x0000000617400000, 0x0000000617400000, 0x0000000617800000|  0%| F|  |TAMS 0x0000000617400000| PB 0x0000000617400000| Untracked |  0
|  91|0x0000000617800000, 0x0000000617800000, 0x0000000617c00000|  0%| F|  |TAMS 0x0000000617800000| PB 0x0000000617800000| Untracked |  0
|  92|0x0000000617c00000, 0x0000000617c00000, 0x0000000618000000|  0%| F|  |TAMS 0x0000000617c00000| PB 0x0000000617c00000| Untracked |  0
|  93|0x0000000618000000, 0x0000000618000000, 0x0000000618400000|  0%| F|  |TAMS 0x0000000618000000| PB 0x0000000618000000| Untracked |  0
|  94|0x0000000618400000, 0x0000000618400000, 0x0000000618800000|  0%| F|  |TAMS 0x0000000618400000| PB 0x0000000618400000| Untracked |  0
|  95|0x0000000618800000, 0x0000000618800000, 0x0000000618c00000|  0%| F|  |TAMS 0x0000000618800000| PB 0x0000000618800000| Untracked |  0
|  96|0x0000000618c00000, 0x0000000618c00000, 0x0000000619000000|  0%| F|  |TAMS 0x0000000618c00000| PB 0x0000000618c00000| Untracked |  0
|  97|0x0000000619000000, 0x0000000619000000, 0x0000000619400000|  0%| F|  |TAMS 0x0000000619000000| PB 0x0000000619000000| Untracked |  0
|  98|0x0000000619400000, 0x0000000619400000, 0x0000000619800000|  0%| F|  |TAMS 0x0000000619400000| PB 0x0000000619400000| Untracked |  0
|  99|0x0000000619800000, 0x0000000619800000, 0x0000000619c00000|  0%| F|  |TAMS 0x0000000619800000| PB 0x0000000619800000| Untracked |  0
| 100|0x0000000619c00000, 0x0000000619c00000, 0x000000061a000000|  0%| F|  |TAMS 0x0000000619c00000| PB 0x0000000619c00000| Untracked |  0
| 101|0x000000061a000000, 0x000000061a000000, 0x000000061a400000|  0%| F|  |TAMS 0x000000061a000000| PB 0x000000061a000000| Untracked |  0
| 102|0x000000061a400000, 0x000000061a400000, 0x000000061a800000|  0%| F|  |TAMS 0x000000061a400000| PB 0x000000061a400000| Untracked |  0
| 103|0x000000061a800000, 0x000000061a800000, 0x000000061ac00000|  0%| F|  |TAMS 0x000000061a800000| PB 0x000000061a800000| Untracked |  0
| 104|0x000000061ac00000, 0x000000061ac00000, 0x000000061b000000|  0%| F|  |TAMS 0x000000061ac00000| PB 0x000000061ac00000| Untracked |  0
| 105|0x000000061b000000, 0x000000061b000000, 0x000000061b400000|  0%| F|  |TAMS 0x000000061b000000| PB 0x000000061b000000| Untracked |  0
| 106|0x000000061b400000, 0x000000061b400000, 0x000000061b800000|  0%| F|  |TAMS 0x000000061b400000| PB 0x000000061b400000| Untracked |  0
| 107|0x000000061b800000, 0x000000061b800000, 0x000000061bc00000|  0%| F|  |TAMS 0x000000061b800000| PB 0x000000061b800000| Untracked |  0
| 108|0x000000061bc00000, 0x000000061bc00000, 0x000000061c000000|  0%| F|  |TAMS 0x000000061bc00000| PB 0x000000061bc00000| Untracked |  0
| 109|0x000000061c000000, 0x000000061c000000, 0x000000061c400000|  0%| F|  |TAMS 0x000000061c000000| PB 0x000000061c000000| Untracked |  0
| 110|0x000000061c400000, 0x000000061c400000, 0x000000061c800000|  0%| F|  |TAMS 0x000000061c400000| PB 0x000000061c400000| Untracked |  0
| 111|0x000000061c800000, 0x000000061c800000, 0x000000061cc00000|  0%| F|  |TAMS 0x000000061c800000| PB 0x000000061c800000| Untracked |  0
| 112|0x000000061cc00000, 0x000000061cc00000, 0x000000061d000000|  0%| F|  |TAMS 0x000000061cc00000| PB 0x000000061cc00000| Untracked |  0
| 113|0x000000061d000000, 0x000000061d000000, 0x000000061d400000|  0%| F|  |TAMS 0x000000061d000000| PB 0x000000061d000000| Untracked |  0
| 114|0x000000061d400000, 0x000000061d400000, 0x000000061d800000|  0%| F|  |TAMS 0x000000061d400000| PB 0x000000061d400000| Untracked |  0
| 115|0x000000061d800000, 0x000000061d800000, 0x000000061dc00000|  0%| F|  |TAMS 0x000000061d800000| PB 0x000000061d800000| Untracked |  0
| 116|0x000000061dc00000, 0x000000061dc00000, 0x000000061e000000|  0%| F|  |TAMS 0x000000061dc00000| PB 0x000000061dc00000| Untracked |  0
| 117|0x000000061e000000, 0x000000061e000000, 0x000000061e400000|  0%| F|  |TAMS 0x000000061e000000| PB 0x000000061e000000| Untracked |  0
| 118|0x000000061e400000, 0x000000061e800000, 0x000000061e800000|100%| E|  |TAMS 0x000000061e400000| PB 0x000000061e400000| Complete |  0
| 119|0x000000061e800000, 0x000000061ec00000, 0x000000061ec00000|100%| E|CS|TAMS 0x000000061e800000| PB 0x000000061e800000| Complete |  0
| 120|0x000000061ec00000, 0x000000061f000000, 0x000000061f000000|100%| E|  |TAMS 0x000000061ec00000| PB 0x000000061ec00000| Complete |  0
| 121|0x000000061f000000, 0x000000061f400000, 0x000000061f400000|100%| E|CS|TAMS 0x000000061f000000| PB 0x000000061f000000| Complete |  0
| 122|0x000000061f400000, 0x000000061f800000, 0x000000061f800000|100%| E|CS|TAMS 0x000000061f400000| PB 0x000000061f400000| Complete |  0
| 123|0x000000061f800000, 0x000000061fc00000, 0x000000061fc00000|100%| E|CS|TAMS 0x000000061f800000| PB 0x000000061f800000| Complete |  0
| 124|0x000000061fc00000, 0x0000000620000000, 0x0000000620000000|100%| E|CS|TAMS 0x000000061fc00000| PB 0x000000061fc00000| Complete |  0
| 125|0x0000000620000000, 0x0000000620400000, 0x0000000620400000|100%| E|CS|TAMS 0x0000000620000000| PB 0x0000000620000000| Complete |  0
| 126|0x0000000620400000, 0x0000000620800000, 0x0000000620800000|100%| E|CS|TAMS 0x0000000620400000| PB 0x0000000620400000| Complete |  0
| 127|0x0000000620800000, 0x0000000620c00000, 0x0000000620c00000|100%| E|CS|TAMS 0x0000000620800000| PB 0x0000000620800000| Complete |  0
|2044|0x00000007ffc00000, 0x00000007ffd1c288, 0x0000000800000000| 27%| O|  |TAMS 0x00000007ffc00000| PB 0x00000007ffc00000| Untracked |  0

Card table byte_map: [0x00000183f5210000,0x00000183f6210000] _byte_map_base: 0x00000183f220a000

Marking Bits: (CMBitMap*) 0x00000183db2deb20
 Bits: [0x00000183f6210000, 0x00000183fe1e0000)

Polling page: 0x00000183d9710000

Metaspace:

Usage:
  Non-class:      9.68 MB used.
      Class:    893.06 KB used.
       Both:     10.55 MB used.

Virtual space:
  Non-class space:       64.00 MB reserved,       9.81 MB ( 15%) committed,  1 nodes.
      Class space:        1.00 GB reserved,       1.00 MB ( <1%) committed,  1 nodes.
             Both:        1.06 GB reserved,      10.81 MB ( <1%) committed. 

Chunk freelists:
   Non-Class:  6.12 MB
       Class:  15.06 MB
        Both:  21.18 MB

MaxMetaspaceSize: unlimited
CompressedClassSpaceSize: 1.00 GB
Initial GC threshold: 21.00 MB
Current GC threshold: 21.00 MB
CDS: on
 - commit_granule_bytes: 65536.
 - commit_granule_words: 8192.
 - virtual_space_node_default_size: 8388608.
 - enlarge_chunks_in_place: 1.
UseCompressedClassPointers 1, UseCompactObjectHeaders 0
Narrow klass pointer bits 32, Max shift 3
Narrow klass base: 0x0000018382000000, Narrow klass shift: 0
Encoding Range: [0x0000018382000000 - 0x0000018482000000), (4294967296 bytes)
Klass Range:    [0x0000018382000000 - 0x00000183c3000000), (1090519040 bytes)
Klass ID Range:  [8 - 1090519033) (1090519025)


Internal statistics:

num_allocs_failed_limit: 0.
num_arena_births: 178.
num_arena_deaths: 0.
num_vsnodes_births: 2.
num_vsnodes_deaths: 0.
num_space_committed: 173.
num_space_uncommitted: 0.
num_chunks_returned_to_freelist: 0.
num_chunks_taken_from_freelist: 233.
num_chunk_merges: 0.
num_chunk_splits: 144.
num_chunks_enlarged: 76.
num_inconsistent_stats: 0.

CodeHeap 'non-profiled nmethods': size=120064Kb used=306Kb max_used=306Kb free=119757Kb
 bounds [0x00000183ec210000, 0x00000183ec480000, 0x00000183f3750000]
CodeHeap 'profiled nmethods': size=120000Kb used=1361Kb max_used=1361Kb free=118639Kb
 bounds [0x00000183e4750000, 0x00000183e49c0000, 0x00000183ebc80000]
CodeHeap 'non-nmethods': size=5696Kb used=1576Kb max_used=1600Kb free=4119Kb
 bounds [0x00000183ebc80000, 0x00000183ebef0000, 0x00000183ec210000]
CodeCache: size=245760Kb, used=3243Kb, max_used=3267Kb, free=242515Kb
 total_blobs=1692, nmethods=1008, adapters=590, full_count=0
Compilation: enabled, stopped_count=0, restarted_count=0

Compilation events (20 events):
Event: 72.829 Thread 0x00000183c3157e30 nmethod 857 0x00000183ec250a08 code [0x00000183ec250b00, 0x00000183ec250bc8]
Event: 72.834 Thread 0x00000183c8a3a3c0 nmethod 854 0x00000183ec250d08 code [0x00000183ec250e60, 0x00000183ec251728]
Event: 72.834 Thread 0x00000183c3157e30  858       3       java.lang.StrictMath::floorOrCeil (128 bytes)
Event: 72.834 Thread 0x00000183c3157e30 nmethod 858 0x00000183e486af08 code [0x00000183e486b040, 0x00000183e486b478]
Event: 72.834 Thread 0x00000183c3157e30  859       3       java.lang.Math::getExponent (17 bytes)
Event: 72.834 Thread 0x00000183c3157e30 nmethod 859 0x00000183e486b508 code [0x00000183e486b620, 0x00000183e486b748]
Event: 72.834 Thread 0x00000183c3157e30  861       1       jdk.internal.foreign.NativeMemorySegmentImpl::unsafeGetOffset (5 bytes)
Event: 72.834 Thread 0x00000183c3157e30 nmethod 861 0x00000183ec251788 code [0x00000183ec251880, 0x00000183ec251948]
Event: 72.834 Thread 0x00000183c3157e30  863       3       java.lang.Math::ceil (5 bytes)
Event: 72.834 Thread 0x00000183c3157e30 nmethod 863 0x00000183e486b808 code [0x00000183e486b920, 0x00000183e486ba40]
Event: 72.834 Thread 0x00000183c3157e30  864       3       java.lang.StrictMath::ceil (10 bytes)
Event: 72.834 Thread 0x00000183c3157e30 nmethod 864 0x00000183e486bb08 code [0x00000183e486bc60, 0x00000183e486bd98]
Event: 72.834 Thread 0x00000183c3157e30  865       3       java.lang.ref.Reference::<init> (7 bytes)
Event: 72.835 Thread 0x00000183c3157e30 nmethod 865 0x00000183e486be08 code [0x00000183e486bf40, 0x00000183e486c1f8]
Event: 72.835 Thread 0x00000183c3157e30  860       1       jdk.internal.foreign.layout.AbstractLayout::byteSize (5 bytes)
Event: 72.835 Thread 0x00000183c3157e30 nmethod 860 0x00000183ec251a88 code [0x00000183ec251b80, 0x00000183ec251c48]
Event: 72.835 Thread 0x00000183c3157e30  866       1       jdk.internal.foreign.layout.AbstractLayout::byteAlignment (5 bytes)
Event: 72.835 Thread 0x00000183c3157e30 nmethod 866 0x00000183ec251d88 code [0x00000183ec251e80, 0x00000183ec251f48]
Event: 72.835 Thread 0x00000183c3157e30  862       1       java.util.concurrent.locks.AbstractQueuedSynchronizer::getState (5 bytes)
Event: 72.835 Thread 0x00000183c3157e30 nmethod 862 0x00000183ec252088 code [0x00000183ec252180, 0x00000183ec252248]

GC Heap History (0 events):
No events

Dll operation events (12 events):
Event: 0.012 Loaded shared library C:\Users\david\.jdks\openjdk-24.0.1\bin\java.dll
Event: 0.013 Loaded shared library C:\Users\david\.jdks\openjdk-24.0.1\bin\zip.dll
Event: 0.038 Loaded shared library C:\Users\david\.jdks\openjdk-24.0.1\bin\jsvml.dll
Event: 0.105 Loaded shared library C:\Users\david\.jdks\openjdk-24.0.1\bin\instrument.dll
Event: 0.182 Loaded shared library C:\Users\david\.jdks\openjdk-24.0.1\bin\jimage.dll
Event: 0.193 Loaded shared library C:\Users\david\.jdks\openjdk-24.0.1\bin\net.dll
Event: 0.194 Loaded shared library C:\Users\david\.jdks\openjdk-24.0.1\bin\nio.dll
Event: 0.215 Loaded shared library C:\Users\david\.jdks\openjdk-24.0.1\bin\awt.dll
Event: 0.578 Loaded shared library C:\Users\david\.jdks\openjdk-24.0.1\bin\freetype.dll
Event: 0.579 Loaded shared library C:\Users\david\.jdks\openjdk-24.0.1\bin\fontmanager.dll
Event: 10.229 Loaded shared library C:\Users\david\.jdks\openjdk-24.0.1\bin\zip.dll
Event: 72.801 Loaded shared library C:\Users\david\AppData\Local\Temp\idea_libasyncProfiler_dll_temp_folder7\libasyncProfiler.dll

Deoptimization events (20 events):
Event: 72.815 Thread 0x00000183c8bbee60 DEOPT PACKING pc=0x00000183ec24bcb8 sp=0x0000003e6cfff4c0
Event: 72.815 Thread 0x00000183c8bbee60 DEOPT UNPACKING pc=0x00000183ebda6282 sp=0x0000003e6cfff440 mode 2
Event: 72.823 Thread 0x00000183c8a6eb90 Uncommon trap: trap_request=0xffffffd6 fr.pc=0x00000183ec24dff0 relative=0x0000000000000690
Event: 72.823 Thread 0x00000183c8a6eb90 Uncommon trap: reason=array_check action=maybe_recompile pc=0x00000183ec24dff0 method=jdk.internal.classfile.impl.SplitConstantPool.internalAdd(Ljava/lang/classfile/constantpool/PoolEntry;I)Ljava/lang/classfile/constantpool/PoolEntry; @ 46 c2
Event: 72.823 Thread 0x00000183c8a6eb90 DEOPT PACKING pc=0x00000183ec24dff0 sp=0x0000003e6eefcb50
Event: 72.823 Thread 0x00000183c8a6eb90 DEOPT UNPACKING pc=0x00000183ebda6282 sp=0x0000003e6eefcab8 mode 2
Event: 72.825 Thread 0x00000183c8a6eb90 Uncommon trap: trap_request=0xffffffd6 fr.pc=0x00000183ec24dff0 relative=0x0000000000000690
Event: 72.825 Thread 0x00000183c8a6eb90 Uncommon trap: reason=array_check action=maybe_recompile pc=0x00000183ec24dff0 method=jdk.internal.classfile.impl.SplitConstantPool.internalAdd(Ljava/lang/classfile/constantpool/PoolEntry;I)Ljava/lang/classfile/constantpool/PoolEntry; @ 46 c2
Event: 72.825 Thread 0x00000183c8a6eb90 DEOPT PACKING pc=0x00000183ec24dff0 sp=0x0000003e6eefd060
Event: 72.825 Thread 0x00000183c8a6eb90 DEOPT UNPACKING pc=0x00000183ebda6282 sp=0x0000003e6eefcfc8 mode 2
Event: 72.825 Thread 0x00000183c8bbee60 DEOPT PACKING pc=0x00000183e485a552 sp=0x0000003e6cfff430
Event: 72.825 Thread 0x00000183c8bbee60 DEOPT UNPACKING pc=0x00000183ebcd5722 sp=0x0000003e6cffe938 mode 0
Event: 72.825 Thread 0x00000183c8a6eb90 Uncommon trap: trap_request=0xffffffd6 fr.pc=0x00000183ec24dff0 relative=0x0000000000000690
Event: 72.825 Thread 0x00000183c8a6eb90 Uncommon trap: reason=array_check action=maybe_recompile pc=0x00000183ec24dff0 method=jdk.internal.classfile.impl.SplitConstantPool.internalAdd(Ljava/lang/classfile/constantpool/PoolEntry;I)Ljava/lang/classfile/constantpool/PoolEntry; @ 46 c2
Event: 72.826 Thread 0x00000183c8a6eb90 DEOPT PACKING pc=0x00000183ec24dff0 sp=0x0000003e6eefd630
Event: 72.826 Thread 0x00000183c8a6eb90 DEOPT UNPACKING pc=0x00000183ebda6282 sp=0x0000003e6eefd598 mode 2
Event: 72.826 Thread 0x00000183c8a6eb90 Uncommon trap: trap_request=0xffffffd6 fr.pc=0x00000183ec24dff0 relative=0x0000000000000690
Event: 72.826 Thread 0x00000183c8a6eb90 Uncommon trap: reason=array_check action=maybe_recompile pc=0x00000183ec24dff0 method=jdk.internal.classfile.impl.SplitConstantPool.internalAdd(Ljava/lang/classfile/constantpool/PoolEntry;I)Ljava/lang/classfile/constantpool/PoolEntry; @ 46 c2
Event: 72.826 Thread 0x00000183c8a6eb90 DEOPT PACKING pc=0x00000183ec24dff0 sp=0x0000003e6eefd1f0
Event: 72.826 Thread 0x00000183c8a6eb90 DEOPT UNPACKING pc=0x00000183ebda6282 sp=0x0000003e6eefd158 mode 2

Classes loaded (20 events):
Event: 72.820 Loading class sun/java2d/d3d/D3DSurfaceData$1
Event: 72.820 Loading class sun/java2d/d3d/D3DSurfaceData$1 done
Event: 72.821 Loading class sun/java2d/pipe/BufferedPaints
Event: 72.821 Loading class sun/java2d/pipe/BufferedPaints done
Event: 72.829 Loading class sun/awt/image/BufferedImageGraphicsConfig
Event: 72.829 Loading class sun/awt/image/BufferedImageGraphicsConfig done
Event: 72.829 Loading class sun/print/PrinterGraphicsConfig
Event: 72.829 Loading class sun/print/PrinterGraphicsConfig done
Event: 72.829 Loading class sun/java2d/d3d/D3DVolatileSurfaceManager
Event: 72.829 Loading class sun/java2d/d3d/D3DVolatileSurfaceManager done
Event: 72.834 Loading class java/awt/image/MultiResolutionImage
Event: 72.834 Loading class java/awt/image/MultiResolutionImage done
Event: 72.834 Loading class sun/awt/image/ToolkitImage
Event: 72.834 Loading class sun/awt/image/ToolkitImage done
Event: 72.835 Loading class sun/awt/image/BufImgSurfaceManager
Event: 72.835 Loading class sun/awt/image/BufImgSurfaceManager done
Event: 72.835 Loading class sun/awt/image/BufImgSurfaceData
Event: 72.835 Loading class sun/awt/image/BufImgSurfaceData done
Event: 72.835 Loading class sun/awt/image/BufImgSurfaceData$ICMColorData
Event: 72.835 Loading class sun/awt/image/BufImgSurfaceData$ICMColorData done

Classes unloaded (0 events):
No events

Classes redefined (1 events):
Event: 0.135 Thread 0x00000183c312a4a0 redefined class name=java.lang.Throwable, count=1

Internal exceptions (20 events):
Event: 0.485 Thread 0x00000183db6b0ce0 Exception <a 'java/lang/NoSuchMethodError'{0x0000000620312cf0}: 'void java.lang.invoke.DirectMethodHandle$Holder.invokeSpecial(java.lang.Object, java.lang.Object, java.lang.Object)'> (0x0000000620312cf0) 
thrown [s\open\src\hotspot\share\interpreter\linkResolver.cpp, line 805]
Event: 0.496 Thread 0x00000183db6b0ce0 Exception <a 'java/lang/NoSuchMethodError'{0x00000006203a85d0}: 'java.lang.Object java.lang.invoke.DirectMethodHandle$Holder.newInvokeSpecial(java.lang.Object, java.lang.Object, java.lang.Object, java.lang.Object, java.lang.Object)'> (0x00000006203a85d0) 
thrown [s\open\src\hotspot\share\interpreter\linkResolver.cpp, line 805]
Event: 0.502 Thread 0x00000183db6b0ce0 Exception <a 'java/lang/NoSuchMethodError'{0x000000061fc15060}: 'java.lang.Object java.lang.invoke.DirectMethodHandle$Holder.invokeStatic(java.lang.Object, int, java.lang.Object)'> (0x000000061fc15060) 
thrown [s\open\src\hotspot\share\interpreter\linkResolver.cpp, line 805]
Event: 0.531 Thread 0x00000183db6b0ce0 Exception <a 'java/lang/ClassNotFoundException'{0x000000061fe534b0}: com/sun/swing/internal/plaf/metal/resources/spi/metalProvider> (0x000000061fe534b0) 
thrown [s\open\src\hotspot\share\classfile\systemDictionary.cpp, line 327]
Event: 0.532 Thread 0x00000183db6b0ce0 Exception <a 'java/lang/ClassNotFoundException'{0x000000061fe59a20}: com/sun/swing/internal/plaf/basic/resources/spi/basicProvider> (0x000000061fe59a20) 
thrown [s\open\src\hotspot\share\classfile\systemDictionary.cpp, line 327]
Event: 0.543 Thread 0x00000183db6b0ce0 Exception <a 'java/lang/NoSuchMethodError'{0x000000061fea0c98}: 'int java.lang.invoke.Invokers$Holder.invokeExact_MT(java.lang.Object, java.lang.Object)'> (0x000000061fea0c98) 
thrown [s\open\src\hotspot\share\interpreter\linkResolver.cpp, line 805]
Event: 0.544 Thread 0x00000183db6b0ce0 Implicit null exception at 0x00000183ec23188f to 0x00000183ec231be8
Event: 0.550 Thread 0x00000183c81d9020 Exception <a 'java/lang/NoSuchMethodError'{0x0000000620207c20}: 'void java.lang.invoke.DirectMethodHandle$Holder.invokeVirtual(java.lang.Object, java.lang.Object)'> (0x0000000620207c20) 
thrown [s\open\src\hotspot\share\interpreter\linkResolver.cpp, line 805]
Event: 0.571 Thread 0x00000183db6b0ce0 Exception <a 'java/lang/NoSuchMethodError'{0x000000061f816c20}: 'void java.lang.invoke.DirectMethodHandle$Holder.invokeStaticInit(java.lang.Object)'> (0x000000061f816c20) 
thrown [s\open\src\hotspot\share\interpreter\linkResolver.cpp, line 805]
Event: 0.588 Thread 0x00000183db6b0ce0 Exception <a 'java/lang/NoSuchMethodError'{0x000000061f89c968}: 'long java.lang.invoke.DirectMethodHandle$Holder.invokeStaticInit(java.lang.Object, long, long, long, long)'> (0x000000061f89c968) 
thrown [s\open\src\hotspot\share\interpreter\linkResolver.cpp, line 805]
Event: 0.589 Thread 0x00000183db6b0ce0 Exception <a 'java/lang/NoSuchMethodError'{0x000000061f8a5390}: 'java.lang.Object java.lang.invoke.DirectMethodHandle$Holder.invokeInterface(java.lang.Object, java.lang.Object, long, long)'> (0x000000061f8a5390) 
thrown [s\open\src\hotspot\share\interpreter\linkResolver.cpp, line 805]
Event: 0.590 Thread 0x00000183db6b0ce0 Exception <a 'java/lang/NoSuchMethodError'{0x000000061f8bdc88}: 'void java.lang.invoke.DirectMethodHandle$Holder.invokeStaticInit(java.lang.Object, java.lang.Object, long, java.lang.Object)'> (0x000000061f8bdc88) 
thrown [s\open\src\hotspot\share\interpreter\linkResolver.cpp, line 805]
Event: 0.590 Thread 0x00000183db6b0ce0 Exception <a 'java/lang/NoSuchMethodError'{0x000000061f8c6858}: 'long java.lang.invoke.DirectMethodHandle$Holder.invokeStatic(java.lang.Object, long, long)'> (0x000000061f8c6858) 
thrown [s\open\src\hotspot\share\interpreter\linkResolver.cpp, line 805]
Event: 0.596 Thread 0x00000183db6b0ce0 Exception <a 'java/lang/NoSuchMethodError'{0x000000061f8f39a8}: 'java.lang.Object java.lang.invoke.DirectMethodHandle$Holder.newInvokeSpecial(java.lang.Object, int, java.lang.Object)'> (0x000000061f8f39a8) 
thrown [s\open\src\hotspot\share\interpreter\linkResolver.cpp, line 805]
Event: 20.695 Thread 0x00000183db6b0ce0 Exception <a 'java/lang/NoSuchMethodError'{0x000000061ebbf550}: 'java.lang.Object java.lang.invoke.DelegatingMethodHandle$Holder.reinvoke_L(java.lang.Object, java.lang.Object, java.lang.Object, int, int, int, int, java.lang.Object, java.lang.Object, java.lang.Object)'> (0x000000061ebbf550) 
thrown [s\open\src\hotspot\share\interpreter\linkResolver.cpp, line 805]
Event: 20.705 Thread 0x00000183db6b0ce0 Exception <a 'java/lang/NoSuchMethodError'{0x000000061ebf44a0}: 'java.lang.Object java.lang.invoke.DelegatingMethodHandle$Holder.reinvoke_L(java.lang.Object, java.lang.Object, java.lang.Object, float, float, java.lang.Object, int, java.lang.Object, java.lang.Object, java.lang.Object)'> (0x000000061ebf44a0) 
thrown [s\open\src\hotspot\share\interpreter\linkResolver.cpp, line 805]
Event: 72.812 Thread 0x00000183c8a6eb90 Exception <a 'java/lang/NoSuchMethodError'{0x000000061ff7cf50}: 'void java.lang.invoke.DelegatingMethodHandle$Holder.reinvoke_L(java.lang.Object, java.lang.Object, java.lang.Object, java.lang.Object, long, long, int)'> (0x000000061ff7cf50) 
thrown [s\open\src\hotspot\share\interpreter\linkResolver.cpp, line 805]
Event: 72.816 Thread 0x00000183c8a6eb90 Exception <a 'java/lang/NoSuchMethodError'{0x000000061ffa7de8}: 'java.lang.Object java.lang.invoke.DirectMethodHandle$Holder.invokeStatic(java.lang.Object, java.lang.Object, java.lang.Object, java.lang.Object, java.lang.Object, long)'> (0x000000061ffa7de8) 
thrown [s\open\src\hotspot\share\interpreter\linkResolver.cpp, line 805]
Event: 72.818 Thread 0x00000183c8a6eb90 Exception <a 'java/lang/NoSuchMethodError'{0x000000061ffcb978}: 'void java.lang.invoke.DelegatingMethodHandle$Holder.reinvoke_L(java.lang.Object, java.lang.Object, java.lang.Object, java.lang.Object, long, long, long)'> (0x000000061ffcb978) 
thrown [s\open\src\hotspot\share\interpreter\linkResolver.cpp, line 805]
Event: 72.827 Thread 0x00000183c8a6eb90 Exception <a 'java/lang/NoSuchMethodError'{0x000000061e70fb90}: 'void java.lang.invoke.DelegatingMethodHandle$Holder.reinvoke_L(java.lang.Object, java.lang.Object, java.lang.Object, java.lang.Object, long, long, float)'> (0x000000061e70fb90) 
thrown [s\open\src\hotspot\share\interpreter\linkResolver.cpp, line 805]

VM Operations (20 events):
Event: 56.967 Executing VM operation: ChangeSingleStep
Event: 56.967 Executing VM operation: ChangeSingleStep done
Event: 56.970 Executing VM operation: get/set locals
Event: 56.970 Executing VM operation: get/set locals done
Event: 60.114 Executing VM operation: HandshakeAllThreads (HandshakeForDeflation)
Event: 60.114 Executing VM operation: HandshakeAllThreads (HandshakeForDeflation) done
Event: 60.114 Executing VM operation: RendezvousGCThreads
Event: 60.114 Executing VM operation: RendezvousGCThreads done
Event: 61.030 Executing VM operation: ChangeSingleStep
Event: 61.030 Executing VM operation: ChangeSingleStep done
Event: 61.030 Executing VM operation: ChangeSingleStep
Event: 61.030 Executing VM operation: ChangeSingleStep done
Event: 61.030 Executing VM operation: ChangeSingleStep
Event: 61.030 Executing VM operation: ChangeSingleStep done
Event: 61.030 Executing VM operation: ChangeSingleStep
Event: 61.030 Executing VM operation: ChangeSingleStep done
Event: 61.035 Executing VM operation: get/set locals
Event: 61.035 Executing VM operation: get/set locals done
Event: 72.793 Executing VM operation: ChangeBreakpoints
Event: 72.794 Executing VM operation: ChangeBreakpoints done

Memory protections (0 events):
No events

Nmethod flushes (0 events):
No events

Events (20 events):
Event: 0.037 Thread 0x00000183db6b0ce0 Thread added: 0x00000183c314ba50
Event: 0.037 Thread 0x00000183db6b0ce0 Thread added: 0x00000183c3152b10
Event: 0.037 Thread 0x00000183db6b0ce0 Thread added: 0x00000183c3157e30
Event: 0.069 Thread 0x00000183c3157e30 Thread added: 0x00000183c33202e0
Event: 0.079 Thread 0x00000183db6b0ce0 Thread added: 0x00000183c342f140
Event: 0.079 Thread 0x00000183db6b0ce0 Thread added: 0x00000183c338fd00
Event: 0.079 Thread 0x00000183c342f140 Thread added: 0x00000183c3390a00
Event: 0.115 Thread 0x00000183db6b0ce0 Thread added: 0x00000183c346e570
Event: 0.138 Thread 0x00000183db6b0ce0 Thread added: 0x00000183c34b49e0
Event: 0.147 Thread 0x00000183db6b0ce0 Thread added: 0x00000183c3566fe0
Event: 0.268 Thread 0x00000183db6b0ce0 Thread added: 0x00000183c81d4350
Event: 0.269 Thread 0x00000183db6b0ce0 Thread added: 0x00000183c81d1870
Event: 0.269 Thread 0x00000183db6b0ce0 Thread added: 0x00000183c81d9020
Event: 0.336 Thread 0x00000183c33202e0 Thread exited: 0x00000183c33202e0
Event: 0.555 Thread 0x00000183c81d9020 Thread added: 0x00000183c8a6eb90
Event: 72.798 Thread 0x00000183db6b0ce0 Thread added: 0x00000183c8bbee60
Event: 72.810 Thread 0x00000183db6b0ce0 Thread exited: 0x00000183db6b0ce0
Event: 72.811 Thread 0x00000183c8bbdfc0 Thread added: 0x00000183c8bbdfc0
Event: 72.820 Thread 0x00000183c3157e30 Thread added: 0x00000183c8a3a3c0
Event: 72.828 Thread 0x00000183c8a6eb90 Thread added: 0x00000183c8bbe710


Dynamic libraries:
0x00007ff60b3a0000 - 0x00007ff60b3ae000 	C:\Users\david\.jdks\openjdk-24.0.1\bin\java.exe
0x00007ff9f2b60000 - 0x00007ff9f2dc0000 	C:\WINDOWS\SYSTEM32\ntdll.dll
0x00007ff9f14d0000 - 0x00007ff9f1597000 	C:\WINDOWS\System32\KERNEL32.DLL
0x00007ff9f04d0000 - 0x00007ff9f089a000 	C:\WINDOWS\System32\KERNELBASE.dll
0x00007ff9eff70000 - 0x00007ff9f00bb000 	C:\WINDOWS\System32\ucrtbase.dll
0x00007ff9e9e90000 - 0x00007ff9e9eab000 	C:\Users\david\.jdks\openjdk-24.0.1\bin\VCRUNTIME140.dll
0x00007ff9ebf60000 - 0x00007ff9ebf76000 	C:\Users\david\.jdks\openjdk-24.0.1\bin\jli.dll
0x00007ff9f1c00000 - 0x00007ff9f1dcc000 	C:\WINDOWS\System32\USER32.dll
0x00007ff9eeea0000 - 0x00007ff9ef137000 	C:\WINDOWS\WinSxS\amd64_microsoft.windows.common-controls_6595b64144ccf1df_6.0.26100.3624_none_3e086962e3345f24\COMCTL32.dll
0x00007ff9f01f0000 - 0x00007ff9f0217000 	C:\WINDOWS\System32\win32u.dll
0x00007ff9f0e40000 - 0x00007ff9f0ee9000 	C:\WINDOWS\System32\msvcrt.dll
0x00007ff9f0e00000 - 0x00007ff9f0e2a000 	C:\WINDOWS\System32\GDI32.dll
0x00007ff9f0220000 - 0x00007ff9f0351000 	C:\WINDOWS\System32\gdi32full.dll
0x00007ff9efec0000 - 0x00007ff9eff63000 	C:\WINDOWS\System32\msvcp_win.dll
0x00007ff9f0be0000 - 0x00007ff9f0c0f000 	C:\WINDOWS\System32\IMM32.DLL
0x00007ff9ea050000 - 0x00007ff9ea05c000 	C:\Users\david\.jdks\openjdk-24.0.1\bin\vcruntime140_1.dll
0x00007ff9e9e00000 - 0x00007ff9e9e8e000 	C:\Users\david\.jdks\openjdk-24.0.1\bin\msvcp140.dll
0x00007ff9a4130000 - 0x00007ff9a4ed2000 	C:\Users\david\.jdks\openjdk-24.0.1\bin\server\jvm.dll
0x00007ff9f1dd0000 - 0x00007ff9f1e82000 	C:\WINDOWS\System32\ADVAPI32.dll
0x00007ff9f15a0000 - 0x00007ff9f1646000 	C:\WINDOWS\System32\sechost.dll
0x00007ff9f2080000 - 0x00007ff9f2196000 	C:\WINDOWS\System32\RPCRT4.dll
0x00007ff9f1450000 - 0x00007ff9f14c4000 	C:\WINDOWS\System32\WS2_32.dll
0x00007ff9ef570000 - 0x00007ff9ef5ce000 	C:\WINDOWS\SYSTEM32\POWRPROF.dll
0x00007ff9e8ac0000 - 0x00007ff9e8acb000 	C:\WINDOWS\SYSTEM32\VERSION.dll
0x00007ff9e0ba0000 - 0x00007ff9e0bd6000 	C:\WINDOWS\SYSTEM32\WINMM.dll
0x00007ff9ef240000 - 0x00007ff9ef254000 	C:\WINDOWS\SYSTEM32\UMPDC.dll
0x00007ff9ee430000 - 0x00007ff9ee44a000 	C:\WINDOWS\SYSTEM32\kernel.appcore.dll
0x00007ff9e8f80000 - 0x00007ff9e8f8a000 	C:\Users\david\.jdks\openjdk-24.0.1\bin\jimage.dll
0x00007ff9ef5e0000 - 0x00007ff9ef821000 	C:\WINDOWS\SYSTEM32\DBGHELP.DLL
0x00007ff9f1650000 - 0x00007ff9f19d2000 	C:\WINDOWS\System32\combase.dll
0x00007ff9f0960000 - 0x00007ff9f0a36000 	C:\WINDOWS\System32\OLEAUT32.dll
0x00007ff9d67e0000 - 0x00007ff9d6819000 	C:\WINDOWS\SYSTEM32\dbgcore.DLL
0x00007ff9f0150000 - 0x00007ff9f01e9000 	C:\WINDOWS\System32\bcryptPrimitives.dll
0x00007ff9d32f0000 - 0x00007ff9d332c000 	C:\Users\david\.jdks\openjdk-24.0.1\bin\jdwp.dll
0x00007ff9e8860000 - 0x00007ff9e886f000 	C:\Users\david\.jdks\openjdk-24.0.1\bin\instrument.dll
0x00007ff9e8c50000 - 0x00007ff9e8c6e000 	C:\Users\david\.jdks\openjdk-24.0.1\bin\java.dll
0x00007ff9f0a40000 - 0x00007ff9f0bd6000 	C:\WINDOWS\System32\ole32.dll
0x00007ff9f21b0000 - 0x00007ff9f28d9000 	C:\WINDOWS\System32\SHELL32.dll
0x00007ff9f0360000 - 0x00007ff9f04c8000 	C:\WINDOWS\System32\wintypes.dll
0x00007ff9c8630000 - 0x00007ff9c8828000 	C:\Users\david\AppData\Local\Temp\idea_libasyncProfiler_dll_temp_folder7\libasyncProfiler.dll
0x00007ff9e8870000 - 0x00007ff9e8887000 	C:\Users\david\.jdks\openjdk-24.0.1\bin\zip.dll
0x00007ff9ecf80000 - 0x00007ff9ed7d2000 	C:\WINDOWS\SYSTEM32\windows.storage.dll
0x00007ff9f19e0000 - 0x00007ff9f1acd000 	C:\WINDOWS\System32\SHCORE.dll
0x00007ff9f1f90000 - 0x00007ff9f1ff4000 	C:\WINDOWS\System32\shlwapi.dll
0x00007ff9efc50000 - 0x00007ff9efc7f000 	C:\WINDOWS\SYSTEM32\profapi.dll
0x00007ff9dccd0000 - 0x00007ff9dcda7000 	C:\Users\david\.jdks\openjdk-24.0.1\bin\jsvml.dll
0x00007ff9e8850000 - 0x00007ff9e885c000 	C:\Users\david\.jdks\openjdk-24.0.1\bin\dt_socket.dll
0x00007ff9edc90000 - 0x00007ff9edcc3000 	C:\WINDOWS\SYSTEM32\IPHLPAPI.DLL
0x00007ff9ee900000 - 0x00007ff9ee96a000 	C:\WINDOWS\system32\mswsock.dll
0x00007ff9e88c0000 - 0x00007ff9e88d0000 	C:\Users\david\.jdks\openjdk-24.0.1\bin\net.dll
0x00007ff9e8890000 - 0x00007ff9e88a6000 	C:\Users\david\.jdks\openjdk-24.0.1\bin\nio.dll
0x00007ff9c80f0000 - 0x00007ff9c826e000 	C:\Users\david\.jdks\openjdk-24.0.1\bin\awt.dll
0x00007ff9ec000000 - 0x00007ff9ec09c000 	C:\WINDOWS\SYSTEM32\apphelp.dll
0x00007ff9ec540000 - 0x00007ff9ec576000 	C:\WINDOWS\system32\DWMAPI.DLL
0x00007ff9ec200000 - 0x00007ff9ec2ae000 	C:\WINDOWS\system32\uxtheme.dll
0x00007ff9d3870000 - 0x00007ff9d397c000 	C:\WINDOWS\system32\opengl32.dll
0x00007ff9d5320000 - 0x00007ff9d534d000 	C:\WINDOWS\SYSTEM32\GLU32.dll
0x00007ff9ec300000 - 0x00007ff9ec347000 	C:\WINDOWS\SYSTEM32\dxcore.dll
0x00007ff9f29c0000 - 0x00007ff9f2b1d000 	C:\WINDOWS\System32\MSCTF.dll
0x00007ff9c2d30000 - 0x00007ff9c2edc000 	C:\WINDOWS\system32\d3d9.dll
0x00007ff9e8110000 - 0x00007ff9e81d1000 	C:\WINDOWS\System32\DriverStore\FileRepository\nv_dispig.inf_amd64_0afec3f2050014a0\nvldumdx.dll
0x00007ff9eecb0000 - 0x00007ff9eecc3000 	C:\WINDOWS\SYSTEM32\msasn1.dll
0x00007ff9e86f0000 - 0x00007ff9e872b000 	C:\WINDOWS\SYSTEM32\cryptnet.dll
0x00007ff9efd40000 - 0x00007ff9efeb7000 	C:\WINDOWS\System32\CRYPT32.dll
0x00007ff9eed40000 - 0x00007ff9eed4c000 	C:\WINDOWS\SYSTEM32\cryptbase.dll
0x00007ff9eed70000 - 0x00007ff9eedcd000 	C:\WINDOWS\SYSTEM32\wldp.dll
0x00007ff9ee0e0000 - 0x00007ff9ee25c000 	C:\WINDOWS\SYSTEM32\drvstore.dll
0x00007ff9efa00000 - 0x00007ff9efa2d000 	C:\WINDOWS\SYSTEM32\devobj.dll
0x00007ff9ef970000 - 0x00007ff9ef9cf000 	C:\WINDOWS\SYSTEM32\CFGMGR32.dll
0x00007ff9f00c0000 - 0x00007ff9f013f000 	C:\WINDOWS\System32\wintrust.dll
0x00007ff9f1b50000 - 0x00007ff9f1b70000 	C:\WINDOWS\System32\imagehlp.dll
0x00007ff9ef950000 - 0x00007ff9ef96c000 	C:\WINDOWS\SYSTEM32\CRYPTSP.dll
0x00007ff9ee390000 - 0x00007ff9ee3ca000 	C:\WINDOWS\system32\rsaenh.dll
0x00007ff9efc20000 - 0x00007ff9efc46000 	C:\WINDOWS\SYSTEM32\bcrypt.dll
0x00007ff9e6030000 - 0x00007ff9e801e000 	C:\WINDOWS\System32\DriverStore\FileRepository\nv_dispig.inf_amd64_0afec3f2050014a0\nvgpucomp64.dll
0x00007ff97df60000 - 0x00007ff97f9f4000 	C:\WINDOWS\System32\DriverStore\FileRepository\nv_dispig.inf_amd64_0afec3f2050014a0\nvd3dumx.dll
0x00007ff9ec350000 - 0x00007ff9ec3ae000 	C:\WINDOWS\SYSTEM32\directxdatabasehelper.dll
0x00007ff9ee970000 - 0x00007ff9ee997000 	C:\WINDOWS\SYSTEM32\gpapi.dll
0x00007ff9d3140000 - 0x00007ff9d3295000 	C:\WINDOWS\System32\DriverStore\FileRepository\nv_dispig.inf_amd64_0afec3f2050014a0\nvppex.dll
0x00007ff9c32f0000 - 0x00007ff9c3377000 	C:\Users\david\.jdks\openjdk-24.0.1\bin\freetype.dll
0x00007ff9c2c50000 - 0x00007ff9c2d27000 	C:\Users\david\.jdks\openjdk-24.0.1\bin\fontmanager.dll
0x00007ff9d4200000 - 0x00007ff9d4349000 	C:\WINDOWS\SYSTEM32\textinputframework.dll

JVMTI agents:
jdwp path:C:\Users\david\.jdks\openjdk-24.0.1\bin\jdwp.dll, loaded, initialized, options:transport=dt_socket,address=127.0.0.1:65108,suspend=y,server=n
C:\Users\david\AppData\Local\JetBrains\IntelliJIdea2025.1\captureAgent\debugger-agent.jar path:C:\Users\david\.jdks\openjdk-24.0.1\bin\instrument.dll, loaded, initialized, instrumentlib options:file:///C:/Users/david/AppData/Local/Temp/capture15324974284962242012.props
C:\Users\david\AppData\Local\Temp\idea_libasyncProfiler_dll_temp_folder7\libasyncProfiler.dll path:C:\Users\david\AppData\Local\Temp\idea_libasyncProfiler_dll_temp_folder7\libasyncProfiler.dll, loaded, initialized, options:version,jfr,event=wall,interval=10ms,cstack=no,file=C:\Users\david\IdeaSnapshots\Main_2025_05_11_221922.jfr,dbghelppath=C:\Users\david\AppData\Local\Temp\idea_dbghelp_dll_temp_folder1\dbghelp.dll,log=C:\Users\david\AppData\Local\Temp\Main_2025_05_11_221922.jfr.log.txt,logLevel=DEBUG

dbghelp: loaded successfully - version: 4.0.5 - missing functions: none
symbol engine: initialized successfully - sym options: 0x614 - pdb path: .;C:\Users\david\.jdks\openjdk-24.0.1\bin;C:\WINDOWS\SYSTEM32;C:\WINDOWS\WinSxS\amd64_microsoft.windows.common-controls_6595b64144ccf1df_6.0.26100.3624_none_3e086962e3345f24;C:\Users\david\.jdks\openjdk-24.0.1\bin\server;C:\Users\david\AppData\Local\Temp\idea_libasyncProfiler_dll_temp_folder7;C:\WINDOWS\System32\DriverStore\FileRepository\nv_dispig.inf_amd64_0afec3f2050014a0

VM Arguments:
jvm_args: -agentlib:jdwp=transport=dt_socket,address=127.0.0.1:65108,suspend=y,server=n -javaagent:C:\Users\david\AppData\Local\JetBrains\IntelliJIdea2025.1\captureAgent\debugger-agent.jar=file:///C:/Users/david/AppData/Local/Temp/capture15324974284962242012.props -agentpath:C:\Users\david\AppData\Local\Temp\idea_libasyncProfiler_dll_temp_folder7\libasyncProfiler.dll=version,jfr,event=wall,interval=10ms,cstack=no,file=C:\Users\david\IdeaSnapshots\Main_2025_05_11_221922.jfr,dbghelppath=C:\Users\david\AppData\Local\Temp\idea_dbghelp_dll_temp_folder1\dbghelp.dll,log=C:\Users\david\AppData\Local\Temp\Main_2025_05_11_221922.jfr.log.txt,logLevel=DEBUG -Dkotlinx.coroutines.debug.enable.creation.stack.trace=false -Ddebugger.agent.enable.coroutines=true -Dkotlinx.coroutines.debug.enable.flows.stack.trace=true -Dkotlinx.coroutines.debug.enable.mutable.state.flows.stack.trace=true -Dfile.encoding=UTF-8 -Dsun.stdout.encoding=UTF-8 -Dsun.stderr.encoding=UTF-8 
java_command: Main.Main
java_class_path (initial): C:\Users\david\Documents\GitHub\paoo-proiect-doubledc\out\production\ScheletProiectPAOO;D:\Intellij\IntelliJ IDEA 2025.1\lib\idea_rt.jar
Launcher Type: SUN_STANDARD

[Global flags]
     intx CICompilerCount                          = 4                                         {product} {ergonomic}
     uint ConcGCThreads                            = 3                                         {product} {ergonomic}
     uint G1ConcRefinementThreads                  = 10                                        {product} {ergonomic}
   size_t G1HeapRegionSize                         = 4194304                                   {product} {ergonomic}
   size_t InitialHeapSize                          = 536870912                                 {product} {ergonomic}
   size_t MarkStackSize                            = 4194304                                   {product} {ergonomic}
   size_t MarkStackSizeMax                         = 536870912                                 {product} {ergonomic}
   size_t MaxHeapSize                              = 8577351680                                {product} {ergonomic}
   size_t MaxNewSize                               = 5146411008                                {product} {ergonomic}
   size_t MinHeapDeltaBytes                        = 4194304                                   {product} {ergonomic}
   size_t MinHeapSize                              = 8388608                                   {product} {ergonomic}
    uintx NonNMethodCodeHeapSize                   = 5832704                                {pd product} {ergonomic}
    uintx NonProfiledCodeHeapSize                  = 122945536                              {pd product} {ergonomic}
    uintx ProfiledCodeHeapSize                     = 122880000                              {pd product} {ergonomic}
    uintx ReservedCodeCacheSize                    = 251658240                              {pd product} {ergonomic}
     bool SegmentedCodeCache                       = true                                      {product} {ergonomic}
   size_t SoftMaxHeapSize                          = 8577351680                             {manageable} {ergonomic}
     bool UseCompressedOops                        = true                           {product lp64_product} {ergonomic}
     bool UseG1GC                                  = true                                      {product} {ergonomic}
     bool UseLargePagesIndividualAllocation        = false                                  {pd product} {ergonomic}

Logging:
Log output configuration:
 #0: stdout all=warning uptime,level,tags foldmultilines=false
 #1: stderr all=off uptime,level,tags foldmultilines=false

Environment Variables:
PATH=C:\WINDOWS\system32;C:\WINDOWS;C:\WINDOWS\System32\Wbem;C:\WINDOWS\System32\WindowsPowerShell\v1.0\;C:\WINDOWS\System32\OpenSSH\;C:\Program Files\Git\cmd;C:\Users\david\AppData\Local\Programs\Python\Launcher\;C:\Users\david\AppData\Local\Microsoft\WindowsApps;D:\Intellij\IntelliJ IDEA 2025.1\bin;;C:\Users\david\AppData\Local\GitHubDesktop\bin
USERNAME=david
OS=Windows_NT
PROCESSOR_IDENTIFIER=AMD64 Family 23 Model 113 Stepping 0, AuthenticAMD
TMP=C:\Users\david\AppData\Local\Temp
TEMP=C:\Users\david\AppData\Local\Temp




Periodic native trim disabled

---------------  S Y S T E M  ---------------

OS:
 Windows 11 , 64 bit Build 26100 (10.0.26100.3775)
OS uptime: 6 days 0:02 hours

CPU: total 12 (initial active 12) (12 cores per cpu, 2 threads per core) family 23 model 113 stepping 0 microcode 0x8701013, cx8, cmov, fxsr, ht, mmx, 3dnowpref, sse, sse2, sse3, ssse3, sse4a, sse4.1, sse4.2, popcnt, lzcnt, tsc, tscinvbit, avx, avx2, aes, clmul, bmi1, bmi2, adx, sha, fma, vzeroupper, clflush, clflushopt, rdtscp, rdpid, f16c
Processor Information for the first 12 processors :
  Max Mhz: 3793, Current Mhz: 3793, Mhz Limit: 3793

Memory: 4k page, system-wide physical 32716M (23881M free)
TotalPageFile size 47052M (AvailPageFile size 35557M)
current process WorkingSet (physical memory assigned to process): 173M, peak: 173M
current process commit charge ("private bytes"): 755M, peak: 755M

vm_info: OpenJDK 64-Bit Server VM (24.0.1+9-30) for windows-amd64 JRE (24.0.1+9-30), built on 2025-03-05T07:23:45Z with MS VC++ 17.6 (VS2022)

END.
